2024-10-18 21:28:37.364 main  Webserver (v1.7 Dec 31 2022) starting on port 8000
2024-10-18 21:28:38.906 main  Webserver (v1.7 Dec 31 2022) starting on port 8001
2024-10-18 21:28:39.026 W-00  Received a GET request for /ping?id=uubpf&port=8001 (on host 'default')
2024-10-18 21:28:39.033 W-00    Sending a 200 response (2 bytes)
2024-10-18 21:28:41.811 W-00  Received a PUT request for /data/pt-mOWW/lRIH/MJu (on host 'default')
2024-10-18 21:28:41.823 W-00    Sending a 200 response (2 bytes)
2024-10-18 21:28:41.831 W-01  Received a PUT request for /data/pt-mOWW/lRIH/MJu (on host 'default')
2024-10-18 21:28:41.833 W-01    Sending a 200 response (2 bytes)
2024-10-18 21:28:41.840 W-02  Received a GET request for /data/pt-53WR/4Ftr/LZHdLvUIP (on host 'default')
2024-10-18 21:28:41.841 W-02    Sending a 200 response (8 bytes)
2024-10-18 21:28:41.846 W-03  Received a PUT request for /data/pt-BzCnlP/7JQD/0tqy77 (on host 'default')
2024-10-18 21:28:41.848 W-03    Sending a 200 response (2 bytes)
2024-10-18 21:28:41.851 W-04  Received a GET request for /data/pt-BzCnlP/7JQD/0tqy77 (on host 'default')
2024-10-18 21:28:41.852 W-04    Sending a 200 response (5 bytes)
2024-10-18 21:28:41.855 W-05  Received a PUT request for /data/pt-BzCnlP/7JQD/0tqy77 (on host 'default')
2024-10-18 21:28:41.857 W-05    Sending a 200 response (2 bytes)
2024-10-18 21:28:41.860 W-06  Received a GET request for /data/pt-BzCnlP/7JQD/0tqy77 (on host 'default')
2024-10-18 21:28:41.860 W-06    Sending a 200 response (8 bytes)
2024-10-18 21:28:41.874 W-07  Received a PUT request for /data/Rzx9/fiQw/Jh7jOjIL (on host 'default')
2024-10-18 21:28:41.875 W-07    Sending a 200 response (2 bytes)
2024-10-18 21:28:41.878 W-07  Received a PUT request for /data/pt-oK5wy/8hEn/nvyzMZLq (on host 'default')
2024-10-18 21:28:41.880 W-07    Sending a 200 response (2 bytes)
2024-10-18 21:28:41.884 W-07  Received a PUT request for /data/pt-oK5wy/Pnn8/aV3hjI (on host 'default')
2024-10-18 21:28:41.886 W-07    Sending a 200 response (2 bytes)
2024-10-18 21:28:41.889 W-08  Received a GET request for /data/Rzx9/fiQw (on host 'default')
2024-10-18 21:28:41.891 W-09  Received a PUT request for /delete/Rzx9 (on host 'default')
2024-10-18 21:28:41.891 W-09    Sending a 200 response (2 bytes)
2024-10-18 21:28:41.894 W-10  Received a GET request for /data/Rzx9/fiQw (on host 'default')
2024-10-18 21:28:41.894 W-10    Sending a 404 response (15 bytes)
2024-10-18 21:28:41.897 W-11  Received a PUT request for /delete/mblfffz (on host 'default')
2024-10-18 21:28:41.897 W-11    Sending a 404 response (15 bytes)
2024-10-18 21:28:41.899 W-12  Received a PUT request for /delete/pt-oK5wy (on host 'default')
2024-10-18 21:28:41.900 W-12    Sending a 200 response (2 bytes)
2024-10-18 21:28:41.905 W-13  Received a PUT request for /data/Mt92/02hPoU/ldOdy (on host 'default')
2024-10-18 21:28:41.905 W-13    Sending a 200 response (2 bytes)
2024-10-18 21:28:41.908 W-14  Received a GET request for / (on host 'default')
2024-10-18 21:28:41.909 W-14    Sending a 200 response (233 bytes)
2024-10-18 21:28:41.914 W-15  Received a PUT request for /data/cjN0Uw/i5irx/pI8n8q (on host 'default')
2024-10-18 21:28:41.914 W-15    Sending a 200 response (2 bytes)
2024-10-18 21:28:41.917 W-16  Received a GET request for /view/cjN0Uw (on host 'default')
2024-10-18 21:28:41.918 W-16    Sending a 200 response (198 bytes)
2024-10-18 21:28:41.922 W-17  Received a PUT request for /data/j3P99/r1T4w/jngj (on host 'default')
2024-10-18 21:28:41.923 W-17    Sending a 200 response (2 bytes)
2024-10-18 21:28:41.926 W-18  Received a PUT request for /data/j3P99/r1T4w/VRPJY (on host 'default')
2024-10-18 21:28:41.926 W-18    Sending a 200 response (2 bytes)
2024-10-18 21:28:41.929 W-19  Received a GET request for /data/j3P99/r1T4w (on host 'default')
2024-10-18 21:28:41.941 W-20  Received a PUT request for /data/1sHL/Stgu7/SfT (on host 'default')
2024-10-18 21:28:41.942 W-20    Sending a 200 response (2 bytes)
2024-10-18 21:28:41.944 W-21  Received a PUT request for /data/1sHL/T5QoL/AtQK (on host 'default')
2024-10-18 21:28:41.945 W-21    Sending a 200 response (2 bytes)
2024-10-18 21:28:41.947 W-40  Received a GET request for /data/1sHL (on host 'default')
2024-10-18 21:28:41.958 W-23  Received a PUT request for /data/FFkWGY/1ipAj/bbZNP (on host 'default')
2024-10-18 21:28:41.958 W-23    Sending a 200 response (2 bytes)
2024-10-18 21:28:41.961 W-41  Received a PUT request for /rename/FFkWGY (on host 'default')
2024-10-18 21:28:41.961 W-41    Sending a 200 response (2 bytes)
2024-10-18 21:28:41.963 W-24  Received a GET request for /data/8Brve/1ipAj/bbZNP (on host 'default')
2024-10-18 21:28:41.964 W-24    Sending a 200 response (20 bytes)
2024-10-18 21:28:41.967 W-26  Received a GET request for /data/FFkWGY/1ipAj/bbZNP (on host 'default')
2024-10-18 21:28:41.967 W-26    Sending a 404 response with an empty body
2024-10-18 21:28:41.971 W-27  Received a PUT request for /data/3BR6/02TC6/NmL02H6zaR8wDea (on host 'default')
2024-10-18 21:28:41.971 W-27    Sending a 200 response (2 bytes)
2024-10-18 21:28:41.974 W-28  Received a PUT request for /data/3BR6/jD27v/W1v79gmnaPCl61 (on host 'default')
2024-10-18 21:28:41.974 W-28    Sending a 200 response (2 bytes)
2024-10-18 21:28:41.977 W-29  Received a PUT request for /data/3BR6/QubG/EgumkQNJUmNxlFj (on host 'default')
2024-10-18 21:28:41.977 W-29    Sending a 200 response (2 bytes)
2024-10-18 21:28:41.980 W-30  Received a PUT request for /data/3BR6/SpfaP/DB6H0xEZcvdBF (on host 'default')
2024-10-18 21:28:41.980 W-30    Sending a 200 response (2 bytes)
2024-10-18 21:28:41.983 W-31  Received a PUT request for /data/3BR6/ZdgOo/Q7fcyGZfGHzEh (on host 'default')
2024-10-18 21:28:41.983 W-31    Sending a 200 response (2 bytes)
2024-10-18 21:28:41.987 W-32  Received a PUT request for /data/3BR6/8OEd8/3sotB9HFMRx6 (on host 'default')
2024-10-18 21:28:41.987 W-32    Sending a 200 response (2 bytes)
2024-10-18 21:28:41.990 W-33  Received a PUT request for /data/3BR6/wDT0m/PtuOtR7d3e2P7Ei (on host 'default')
2024-10-18 21:28:41.991 W-33    Sending a 200 response (2 bytes)
2024-10-18 21:28:41.994 W-34  Received a PUT request for /data/3BR6/v1ze/IGu8zhYDone64n8 (on host 'default')
2024-10-18 21:28:41.994 W-34    Sending a 200 response (2 bytes)
2024-10-18 21:28:41.996 W-45  Received a GET request for /count/3BR6 (on host 'default')
2024-10-18 21:28:41.996 W-45    Sending a 200 response (1 bytes)
2024-10-18 21:28:42.001 W-35  Received a PUT request for /data/bE3d/qZOM/C103x (on host 'default')
2024-10-18 21:28:42.001 W-35    Sending a 200 response (2 bytes)
2024-10-18 21:28:42.004 W-46  Received a PUT request for /data/bE3d/5qlw/h2uYGx9 (on host 'default')
2024-10-18 21:28:42.004 W-46    Sending a 200 response (2 bytes)
2024-10-18 21:28:42.007 W-38  Received a PUT request for /data/bE3d/6eQX/qB3FE (on host 'default')
2024-10-18 21:28:42.007 W-38    Sending a 200 response (2 bytes)
2024-10-18 21:28:42.009 W-39  Received a PUT request for /data/bE3d/xkyb/R3yduZx (on host 'default')
2024-10-18 21:28:42.009 W-39    Sending a 200 response (2 bytes)
2024-10-18 21:28:42.011 W-48  Received a PUT request for /data/bE3d/LSHlJ/ura4lVUQ (on host 'default')
2024-10-18 21:28:42.012 W-48    Sending a 200 response (2 bytes)
2024-10-18 21:28:42.014 W-25  Received a PUT request for /data/bE3d/N0LMz/kmBhDB (on host 'default')
2024-10-18 21:28:42.014 W-25    Sending a 200 response (2 bytes)
2024-10-18 21:28:42.017 W-42  Received a PUT request for /data/bE3d/dV30U/Nca0G (on host 'default')
2024-10-18 21:28:42.018 W-42    Sending a 200 response (2 bytes)
2024-10-18 21:28:42.020 W-50  Received a PUT request for /data/bE3d/CXKV/9VeqLNv8 (on host 'default')
2024-10-18 21:28:42.020 W-50    Sending a 200 response (2 bytes)
2024-10-18 21:28:42.022 W-47  Received a PUT request for /data/bE3d/b3Pq/fkomdVx (on host 'default')
2024-10-18 21:28:42.022 W-47    Sending a 200 response (2 bytes)
2024-10-18 21:28:42.024 W-36  Received a PUT request for /data/bE3d/cBBmZ/yJLlE (on host 'default')
2024-10-18 21:28:42.024 W-36    Sending a 200 response (2 bytes)
2024-10-18 21:28:42.025 W-53  Received a PUT request for /data/bE3d/efZE5/b9awY (on host 'default')
2024-10-18 21:28:42.026 W-53    Sending a 200 response (2 bytes)
2024-10-18 21:28:42.027 W-22  Received a PUT request for /data/bE3d/OedK/sgEYV (on host 'default')
2024-10-18 21:28:42.028 W-22    Sending a 200 response (2 bytes)
2024-10-18 21:28:42.030 W-44  Received a PUT request for /data/bE3d/EsIS/UJSj9ZR (on host 'default')
2024-10-18 21:28:42.031 W-44    Sending a 200 response (2 bytes)
2024-10-18 21:28:42.033 W-43  Received a PUT request for /data/bE3d/snJH2/R9R9fur (on host 'default')
2024-10-18 21:28:42.033 W-43    Sending a 200 response (2 bytes)
2024-10-18 21:28:42.035 W-51  Received a PUT request for /data/bE3d/WNS2f/TmrHWGN (on host 'default')
2024-10-18 21:28:42.035 W-51    Sending a 200 response (2 bytes)
2024-10-18 21:28:42.036 W-49  Received a PUT request for /data/bE3d/GJpPk/B9f7R (on host 'default')
2024-10-18 21:28:42.037 W-49    Sending a 200 response (2 bytes)
2024-10-18 21:28:42.038 W-37  Received a PUT request for /data/bE3d/ONtq/5zmHORY (on host 'default')
2024-10-18 21:28:42.039 W-37    Sending a 200 response (2 bytes)
2024-10-18 21:28:42.040 W-52  Received a PUT request for /data/bE3d/wIpfH/tEwM1hX (on host 'default')
2024-10-18 21:28:42.040 W-52    Sending a 200 response (2 bytes)
2024-10-18 21:28:42.042 W-54  Received a PUT request for /data/bE3d/xcE2f/XjIr7 (on host 'default')
2024-10-18 21:28:42.043 W-54    Sending a 200 response (2 bytes)
2024-10-18 21:28:42.045 W-55  Received a PUT request for /data/bE3d/GFBm6/wv0w8wq (on host 'default')
2024-10-18 21:28:42.045 W-55    Sending a 200 response (2 bytes)
2024-10-18 21:28:42.048 W-56  Received a PUT request for /data/bE3d/Dvhd/yIBq4uS (on host 'default')
2024-10-18 21:28:42.048 W-56    Sending a 200 response (2 bytes)
2024-10-18 21:28:42.051 W-57  Received a PUT request for /data/bE3d/b4vBW/r5au2 (on host 'default')
2024-10-18 21:28:42.051 W-57    Sending a 200 response (2 bytes)
2024-10-18 21:28:42.053 W-58  Received a PUT request for /data/bE3d/S7jI/rO5WzGM (on host 'default')
2024-10-18 21:28:42.053 W-58    Sending a 200 response (2 bytes)
2024-10-18 21:28:42.055 W-59  Received a PUT request for /data/bE3d/U6RX/0Xb9dse (on host 'default')
2024-10-18 21:28:42.055 W-59    Sending a 200 response (2 bytes)
2024-10-18 21:28:42.058 W-60  Received a PUT request for /data/bE3d/ZMxU/PvpHv (on host 'default')
2024-10-18 21:28:42.058 W-60    Sending a 200 response (2 bytes)
2024-10-18 21:28:42.060 W-61  Received a PUT request for /data/bE3d/yIpQ/2pXnf0d1 (on host 'default')
2024-10-18 21:28:42.061 W-61    Sending a 200 response (2 bytes)
2024-10-18 21:28:42.063 W-62  Received a PUT request for /data/bE3d/f0Jx2/rNdIV (on host 'default')
2024-10-18 21:28:42.063 W-62    Sending a 200 response (2 bytes)
2024-10-18 21:28:42.065 W-63  Received a PUT request for /data/bE3d/iY51/ilCl5QWy (on host 'default')
2024-10-18 21:28:42.065 W-63    Sending a 200 response (2 bytes)
2024-10-18 21:28:42.067 W-64  Received a PUT request for /data/bE3d/KSL1/a89Zi (on host 'default')
2024-10-18 21:28:42.067 W-64    Sending a 200 response (2 bytes)
2024-10-18 21:28:42.069 W-65  Received a PUT request for /data/bE3d/MxR3/5bfAn (on host 'default')
2024-10-18 21:28:42.069 W-65    Sending a 200 response (2 bytes)
2024-10-18 21:28:42.071 W-66  Received a PUT request for /data/bE3d/nTJc/1auiBvM (on host 'default')
2024-10-18 21:28:42.071 W-66    Sending a 200 response (2 bytes)
2024-10-18 21:28:42.073 W-67  Received a PUT request for /data/bE3d/G9k6/s4BxjPCo (on host 'default')
2024-10-18 21:28:42.073 W-67    Sending a 200 response (2 bytes)
2024-10-18 21:28:42.076 W-68  Received a PUT request for /data/bE3d/sFlb/4jUh1 (on host 'default')
2024-10-18 21:28:42.076 W-68    Sending a 200 response (2 bytes)
2024-10-18 21:28:42.078 W-69  Received a PUT request for /data/bE3d/VcxN/1I23uV (on host 'default')
2024-10-18 21:28:42.078 W-69    Sending a 200 response (2 bytes)
2024-10-18 21:28:42.081 W-70  Received a PUT request for /data/bE3d/Da5f/22GUHfq (on host 'default')
2024-10-18 21:28:42.081 W-70    Sending a 200 response (2 bytes)
2024-10-18 21:28:42.085 W-71  Received a PUT request for /data/bE3d/zi8an/UAIaOX (on host 'default')
2024-10-18 21:28:42.085 W-71    Sending a 200 response (2 bytes)
2024-10-18 21:28:42.087 W-72  Received a PUT request for /data/bE3d/fjUh/Cj8C2 (on host 'default')
2024-10-18 21:28:42.087 W-72    Sending a 200 response (2 bytes)
2024-10-18 21:28:42.090 W-73  Received a PUT request for /data/bE3d/gr0yG/HnCcdI (on host 'default')
2024-10-18 21:28:42.090 W-73    Sending a 200 response (2 bytes)
2024-10-18 21:28:42.092 W-74  Received a PUT request for /data/bE3d/wO34/iQeRYZv8 (on host 'default')
2024-10-18 21:28:42.092 W-74    Sending a 200 response (2 bytes)
2024-10-18 21:28:42.094 W-75  Received a PUT request for /data/bE3d/Yr5m/vlFTVZxr (on host 'default')
2024-10-18 21:28:42.095 W-75    Sending a 200 response (2 bytes)
2024-10-18 21:28:42.097 W-76  Received a PUT request for /data/bE3d/fiVr/phrgq (on host 'default')
2024-10-18 21:28:42.097 W-76    Sending a 200 response (2 bytes)
2024-10-18 21:28:42.099 W-77  Received a PUT request for /data/bE3d/vpYR/hvIzXuH (on host 'default')
2024-10-18 21:28:42.099 W-77    Sending a 200 response (2 bytes)
2024-10-18 21:28:42.104 W-78  Received a PUT request for /data/bE3d/UqSM/ZTNTeYl (on host 'default')
2024-10-18 21:28:42.104 W-78    Sending a 200 response (2 bytes)
2024-10-18 21:28:42.107 W-79  Received a PUT request for /data/bE3d/3u9c/1ApXOlFm (on host 'default')
2024-10-18 21:28:42.108 W-79    Sending a 200 response (2 bytes)
2024-10-18 21:28:42.113 W-80  Received a PUT request for /data/bE3d/vGnF0/tUoWrjjB (on host 'default')
2024-10-18 21:28:42.113 W-80    Sending a 200 response (2 bytes)
2024-10-18 21:28:42.116 W-81  Received a PUT request for /data/bE3d/AysQq/PQzndKw (on host 'default')
2024-10-18 21:28:42.116 W-81    Sending a 200 response (2 bytes)
2024-10-18 21:28:42.119 W-82  Received a PUT request for /data/bE3d/Nyz2/kEGb1WxD (on host 'default')
2024-10-18 21:28:42.119 W-82    Sending a 200 response (2 bytes)
2024-10-18 21:28:42.124 W-83  Received a PUT request for /data/bE3d/mTN9/trojV (on host 'default')
2024-10-18 21:28:42.125 W-83    Sending a 200 response (2 bytes)
2024-10-18 21:28:42.127 W-84  Received a PUT request for /data/bE3d/cacK/ipZeY (on host 'default')
2024-10-18 21:28:42.127 W-84    Sending a 200 response (2 bytes)
2024-10-18 21:28:42.131 W-85  Received a PUT request for /data/bE3d/bZeMP/nKG0M (on host 'default')
2024-10-18 21:28:42.131 W-85    Sending a 200 response (2 bytes)
2024-10-18 21:28:42.136 W-86  Received a PUT request for /data/bE3d/cw6Q/qSRzNAJe (on host 'default')
2024-10-18 21:28:42.136 W-86    Sending a 200 response (2 bytes)
2024-10-18 21:28:42.143 W-87  Received a PUT request for /data/bE3d/40Ias/WqRZpAOH (on host 'default')
2024-10-18 21:28:42.144 W-87    Sending a 200 response (2 bytes)
2024-10-18 21:28:42.148 W-88  Received a PUT request for /data/bE3d/nIUmp/5mawyGI (on host 'default')
2024-10-18 21:28:42.148 W-88    Sending a 200 response (2 bytes)
2024-10-18 21:28:42.154 W-89  Received a PUT request for /data/bE3d/rm3k/oZeyNv (on host 'default')
2024-10-18 21:28:42.155 W-89    Sending a 200 response (2 bytes)
2024-10-18 21:28:42.158 W-90  Received a PUT request for /data/bE3d/0yYG/0bOYlP (on host 'default')
2024-10-18 21:28:42.158 W-90    Sending a 200 response (2 bytes)
2024-10-18 21:28:42.162 W-91  Received a PUT request for /data/bE3d/227sX/SMyDAUBr (on host 'default')
2024-10-18 21:28:42.163 W-91    Sending a 200 response (2 bytes)
2024-10-18 21:28:42.165 W-92  Received a PUT request for /data/bE3d/0Qyks/LPS0VAwD (on host 'default')
2024-10-18 21:28:42.165 W-92    Sending a 200 response (2 bytes)
2024-10-18 21:28:42.166 W-93  Received a PUT request for /data/bE3d/OEEsK/PXOBY (on host 'default')
2024-10-18 21:28:42.166 W-93    Sending a 200 response (2 bytes)
2024-10-18 21:28:42.170 W-94  Received a PUT request for /data/bE3d/Yksd9/Cq7TUCNP (on host 'default')
2024-10-18 21:28:42.170 W-94    Sending a 200 response (2 bytes)
2024-10-18 21:28:42.173 W-95  Received a PUT request for /data/bE3d/Phbv/6OUIP (on host 'default')
2024-10-18 21:28:42.173 W-95    Sending a 200 response (2 bytes)
2024-10-18 21:28:42.176 W-96  Received a PUT request for /data/bE3d/RrzDE/iDdx9 (on host 'default')
2024-10-18 21:28:42.176 W-96    Sending a 200 response (2 bytes)
2024-10-18 21:28:42.178 W-97  Received a PUT request for /data/bE3d/mk7i/mlW5X (on host 'default')
2024-10-18 21:28:42.178 W-97    Sending a 200 response (2 bytes)
2024-10-18 21:28:42.181 W-98  Received a PUT request for /data/bE3d/Flwi/daOyacp (on host 'default')
2024-10-18 21:28:42.181 W-98    Sending a 200 response (2 bytes)
2024-10-18 21:28:42.183 W-99  Received a PUT request for /data/bE3d/p7vQ/krWnH1t (on host 'default')
2024-10-18 21:28:42.183 W-99    Sending a 200 response (2 bytes)
2024-10-18 21:28:42.186 W-00  Received a PUT request for /data/bE3d/uoh3/3jrytq (on host 'default')
2024-10-18 21:28:42.186 W-00    Sending a 200 response (2 bytes)
2024-10-18 21:28:42.188 W-01  Received a PUT request for /data/bE3d/A0Js/0jwZh1I (on host 'default')
2024-10-18 21:28:42.188 W-01    Sending a 200 response (2 bytes)
2024-10-18 21:28:42.190 W-02  Received a PUT request for /data/bE3d/Iv0t0/KqBqhoK (on host 'default')
2024-10-18 21:28:42.190 W-02    Sending a 200 response (2 bytes)
2024-10-18 21:28:42.192 W-03  Received a PUT request for /data/bE3d/eFuC/Of1MJJZ0 (on host 'default')
2024-10-18 21:28:42.192 W-03    Sending a 200 response (2 bytes)
2024-10-18 21:28:42.194 W-04  Received a PUT request for /data/bE3d/ijZoO/uCx3cOY (on host 'default')
2024-10-18 21:28:42.194 W-04    Sending a 200 response (2 bytes)
2024-10-18 21:28:42.196 W-05  Received a PUT request for /data/bE3d/pH4Z/hB4gymtx (on host 'default')
2024-10-18 21:28:42.196 W-05    Sending a 200 response (2 bytes)
2024-10-18 21:28:42.199 W-06  Received a PUT request for /data/bE3d/VEvts/PKzFu (on host 'default')
2024-10-18 21:28:42.199 W-06    Sending a 200 response (2 bytes)
2024-10-18 21:28:42.202 W-07  Received a PUT request for /data/bE3d/4sXK/HC2xAC (on host 'default')
2024-10-18 21:28:42.202 W-07    Sending a 200 response (2 bytes)
2024-10-18 21:28:42.204 W-08  Received a PUT request for /data/bE3d/gPtND/erDtew (on host 'default')
2024-10-18 21:28:42.204 W-08    Sending a 200 response (2 bytes)
2024-10-18 21:28:42.207 W-09  Received a PUT request for /data/bE3d/xS2xd/UPdvpx (on host 'default')
2024-10-18 21:28:42.207 W-09    Sending a 200 response (2 bytes)
2024-10-18 21:28:42.211 W-10  Received a PUT request for /data/bE3d/zH5o/Td7cg (on host 'default')
2024-10-18 21:28:42.211 W-10    Sending a 200 response (2 bytes)
2024-10-18 21:28:42.215 W-11  Received a PUT request for /data/bE3d/oQeWd/gJijnlr (on host 'default')
2024-10-18 21:28:42.215 W-11    Sending a 200 response (2 bytes)
2024-10-18 21:28:42.218 W-12  Received a PUT request for /data/bE3d/XPur/9YmFE (on host 'default')
2024-10-18 21:28:42.218 W-12    Sending a 200 response (2 bytes)
2024-10-18 21:28:42.222 W-13  Received a PUT request for /data/bE3d/2Yyf/uGtar (on host 'default')
2024-10-18 21:28:42.223 W-13    Sending a 200 response (2 bytes)
2024-10-18 21:28:42.225 W-15  Received a PUT request for /data/bE3d/cSp9g/6k1MABm (on host 'default')
2024-10-18 21:28:42.225 W-15    Sending a 200 response (2 bytes)
2024-10-18 21:28:42.228 W-17  Received a PUT request for /data/bE3d/mOL1i/HVCxTBY (on host 'default')
2024-10-18 21:28:42.228 W-17    Sending a 200 response (2 bytes)
2024-10-18 21:28:42.230 W-18  Received a GET request for /view/bE3d (on host 'default')
2024-10-18 21:28:42.231 W-18    Sending a 200 response (8982 bytes)
2024-10-18 21:28:42.234 W-19  Received a GET request for /view/bE3d?fromRow=AysQq (on host 'default')
2024-10-18 21:28:42.235 W-19    Sending a 200 response (9002 bytes)
2024-10-18 21:28:42.238 W-20  Received a GET request for /view/bE3d?fromRow=KSL1 (on host 'default')
2024-10-18 21:28:42.239 W-20    Sending a 200 response (9009 bytes)
2024-10-18 21:28:42.244 W-21  Received a GET request for /view/bE3d?fromRow=S7jI (on host 'default')
2024-10-18 21:28:42.245 W-21    Sending a 200 response (8975 bytes)
2024-10-18 21:28:42.250 W-40  Received a GET request for /view/bE3d?fromRow=b3Pq (on host 'default')
2024-10-18 21:28:42.252 W-40    Sending a 200 response (9009 bytes)
2024-10-18 21:28:42.257 W-23  Received a GET request for /view/bE3d?fromRow=f0Jx2 (on host 'default')
2024-10-18 21:28:42.258 W-23    Sending a 200 response (8987 bytes)
2024-10-18 21:28:42.261 W-41  Received a GET request for /view/bE3d?fromRow=nIUmp (on host 'default')
2024-10-18 21:28:42.262 W-41    Sending a 200 response (9006 bytes)
2024-10-18 21:28:42.268 W-24  Received a GET request for /view/bE3d?fromRow=vGnF0 (on host 'default')
2024-10-18 21:28:42.268 W-24    Sending a 200 response (8944 bytes)
2024-10-18 21:28:44.049 W-01  Received a GET request for /ping?id=uubpf&port=8001 (on host 'default')
2024-10-18 21:28:44.050 W-01    Sending a 200 response (2 bytes)
