2024-10-26 16:52:02.154 main  Webserver (v1.7 Dec 31 2022) starting on port 8000
2024-10-26 16:52:02.638 main  Webserver (v1.7 Dec 31 2022) starting on port 8001
2024-10-26 16:52:02.668 W-00  Received a GET request for /ping?id=ijdvx&port=8001 (on host 'default')
2024-10-26 16:52:02.675 W-00    Sending a 200 response (2 bytes)
2024-10-26 16:52:03.015 main  Flame coordinator (v1.5 Jan 1 2023) starting on port 9000
2024-10-26 16:52:03.025 main  Webserver (v1.7 Dec 31 2022) starting on port 9000
2024-10-26 16:52:03.440 main  Webserver (v1.7 Dec 31 2022) starting on port 9001
2024-10-26 16:52:03.463 W-00  Received a GET request for /ping?id=9001&port=9001 (on host 'default')
2024-10-26 16:52:03.474 W-00    Sending a 200 response (2 bytes)
2024-10-26 16:52:03.901 main  Webserver (v1.7 Dec 31 2022) starting on port 9002
2024-10-26 16:52:03.925 W-01  Received a GET request for /ping?id=9002&port=9002 (on host 'default')
2024-10-26 16:52:03.925 W-01    Sending a 200 response (2 bytes)
2024-10-26 16:52:05.280 W-02  Received a POST request for /submit?class=cis5550.test.FlameOutput&arg1=jqmBRpw&arg2=02pnHjEHyI&arg3=mZYjcHI (on host 'default')
2024-10-26 16:52:05.280 W-02  New job submitted; main class is cis5550.test.FlameOutput
2024-10-26 16:52:05.298 W-00  Received a POST request for /useJAR (on host 'default')
2024-10-26 16:52:05.298 W-00  Received a POST request for /useJAR (on host 'default')
2024-10-26 16:52:05.305 W-00    Sending a 200 response (2 bytes)
2024-10-26 16:52:05.305 W-00    Sending a 200 response (2 bytes)
2024-10-26 16:52:05.311 W-02    Sending a 200 response (57 bytes)
2024-10-26 16:52:05.320 W-03  Received a POST request for /submit?class=cis5550.test.FlameCollect&arg1=s4wwOM9&arg2=6U528&arg3=rSJell5M5o&arg4=cu9dKfw&arg5=RL9DSC&arg6=DxQgzjd&arg7=NrIyQZMlER&arg8=ZNlqgSjg&arg9=biqpbE&arg10=gUnSFr3vg&arg11=TxTPuxU&arg12=MYp1A5C&arg13=pQ8MYtIF&arg14=F01Q2uYf5&arg15=GwgbagS&arg16=xCCWVE&arg17=RHCSk&arg18=yYiZNZrUFM&arg19=LU4NpEFsmC&arg20=HqPYmqOICq&arg21=YCGkyG&arg22=Tp4GAB&arg23=HJ1znv3U&arg24=s0K6SxYjp&arg25=niisdStIF&arg26=abMRan&arg27=meEZVi&arg28=yCTTx&arg29=I38j53G&arg30=TV0Ihmm75&arg31=ihnKqh7p&arg32=V6ZfelS&arg33=BnhzV&arg34=76sVBbLw&arg35=efFJ1Ta&arg36=8g28sQbmx7&arg37=MlaaUGswz&arg38=fre2L&arg39=s4wwOM9&arg40=yYiZNZrUFM&arg41=ZNlqgSjg&arg42=meEZVi&arg43=I38j53G&arg44=TV0Ihmm75&arg45=fre2L&arg46=biqpbE&arg47=HqPYmqOICq&arg48=biqpbE (on host 'default')
2024-10-26 16:52:05.320 W-03  New job submitted; main class is cis5550.test.FlameCollect
2024-10-26 16:52:05.322 W-00  Received a POST request for /useJAR (on host 'default')
2024-10-26 16:52:05.323 W-00  Received a POST request for /useJAR (on host 'default')
2024-10-26 16:52:05.324 W-00    Sending a 200 response (2 bytes)
2024-10-26 16:52:05.324 W-00    Sending a 200 response (2 bytes)
2024-10-26 16:52:05.395 W-01  Received a GET request for /workers (on host 'default')
2024-10-26 16:52:05.402 W-01    Sending a 200 response (23 bytes)
2024-10-26 16:52:05.411 W-00  Received a PUT request for /data/table_1729975925326/f7f4095d-0cbc-457c-8ebb-363a53b91a99/value (on host 'default')
2024-10-26 16:52:05.423 W-00    Sending a 200 response (2 bytes)
2024-10-26 16:52:05.425 W-00  Received a PUT request for /data/table_1729975925326/cee32526-297d-4c70-b400-159e4fa69d12/value (on host 'default')
2024-10-26 16:52:05.425 W-00    Sending a 200 response (2 bytes)
2024-10-26 16:52:05.426 W-00  Received a PUT request for /data/table_1729975925326/ba908d66-5f45-423e-9851-c7f02d7d4c22/value (on host 'default')
2024-10-26 16:52:05.426 W-00    Sending a 200 response (2 bytes)
2024-10-26 16:52:05.428 W-00  Received a PUT request for /data/table_1729975925326/42f93109-cfce-42d6-8eef-32b5aac6bfe3/value (on host 'default')
2024-10-26 16:52:05.428 W-00    Sending a 200 response (2 bytes)
2024-10-26 16:52:05.429 W-00  Received a PUT request for /data/table_1729975925326/14b3bdf3-dde9-4adf-a763-0851a5e93160/value (on host 'default')
2024-10-26 16:52:05.429 W-00    Sending a 200 response (2 bytes)
2024-10-26 16:52:05.430 W-00  Received a PUT request for /data/table_1729975925326/12f06c77-6764-439b-b9a7-15bba5d7395b/value (on host 'default')
2024-10-26 16:52:05.431 W-00    Sending a 200 response (2 bytes)
2024-10-26 16:52:05.432 W-00  Received a PUT request for /data/table_1729975925326/3e1fd265-3d41-47db-92c5-7b20c2dd5475/value (on host 'default')
2024-10-26 16:52:05.432 W-00    Sending a 200 response (2 bytes)
2024-10-26 16:52:05.433 W-00  Received a PUT request for /data/table_1729975925326/f6d1d03a-3e8f-4edb-9d4b-a53696f67909/value (on host 'default')
2024-10-26 16:52:05.434 W-00    Sending a 200 response (2 bytes)
2024-10-26 16:52:05.435 W-00  Received a PUT request for /data/table_1729975925326/d61465c3-f214-4d12-bea5-e776d515f961/value (on host 'default')
2024-10-26 16:52:05.435 W-00    Sending a 200 response (2 bytes)
2024-10-26 16:52:05.437 W-00  Received a PUT request for /data/table_1729975925326/6647352b-bb60-4104-833e-54f37ea7fcdb/value (on host 'default')
2024-10-26 16:52:05.437 W-00    Sending a 200 response (2 bytes)
2024-10-26 16:52:05.438 W-00  Received a PUT request for /data/table_1729975925326/777392a4-1416-4f13-bc01-1c783816dd93/value (on host 'default')
2024-10-26 16:52:05.439 W-00    Sending a 200 response (2 bytes)
2024-10-26 16:52:05.441 W-00  Received a PUT request for /data/table_1729975925326/75f6aa0d-4a0e-41e5-8f0d-8c5971219872/value (on host 'default')
2024-10-26 16:52:05.441 W-00    Sending a 200 response (2 bytes)
2024-10-26 16:52:05.443 W-00  Received a PUT request for /data/table_1729975925326/f6054bd2-fc54-4ed5-a5d0-8505297b78eb/value (on host 'default')
2024-10-26 16:52:05.443 W-00    Sending a 200 response (2 bytes)
2024-10-26 16:52:05.444 W-00  Received a PUT request for /data/table_1729975925326/08aa082e-5114-4fcb-ae15-710325f2e239/value (on host 'default')
2024-10-26 16:52:05.444 W-00    Sending a 200 response (2 bytes)
2024-10-26 16:52:05.445 W-00  Received a PUT request for /data/table_1729975925326/f401bdd3-03fd-441a-9b66-ad0c9e815a01/value (on host 'default')
2024-10-26 16:52:05.446 W-00    Sending a 200 response (2 bytes)
2024-10-26 16:52:05.447 W-00  Received a PUT request for /data/table_1729975925326/2b80a3d5-02ab-4949-9a43-43ad449225f8/value (on host 'default')
2024-10-26 16:52:05.447 W-00    Sending a 200 response (2 bytes)
2024-10-26 16:52:05.448 W-00  Received a PUT request for /data/table_1729975925326/a3e3c2c6-34b6-4d4c-8cbd-cfef52d49310/value (on host 'default')
2024-10-26 16:52:05.449 W-00    Sending a 200 response (2 bytes)
2024-10-26 16:52:05.450 W-00  Received a PUT request for /data/table_1729975925326/76fe1093-4f6d-4ce0-bb87-a34ba2494b81/value (on host 'default')
2024-10-26 16:52:05.450 W-00    Sending a 200 response (2 bytes)
2024-10-26 16:52:05.451 W-00  Received a PUT request for /data/table_1729975925326/95ae1c95-529f-4bdb-8691-c9e656129a0e/value (on host 'default')
2024-10-26 16:52:05.451 W-00    Sending a 200 response (2 bytes)
2024-10-26 16:52:05.453 W-00  Received a PUT request for /data/table_1729975925326/6699e56c-6ee2-45ca-92a4-d04fc6547350/value (on host 'default')
2024-10-26 16:52:05.453 W-00    Sending a 200 response (2 bytes)
2024-10-26 16:52:05.455 W-00  Received a PUT request for /data/table_1729975925326/8f54466f-9bd7-47d7-a787-a444db8df42f/value (on host 'default')
2024-10-26 16:52:05.455 W-00    Sending a 200 response (2 bytes)
2024-10-26 16:52:05.456 W-00  Received a PUT request for /data/table_1729975925326/129ea097-d3ef-425a-92f2-059f01181565/value (on host 'default')
2024-10-26 16:52:05.457 W-00    Sending a 200 response (2 bytes)
2024-10-26 16:52:05.458 W-00  Received a PUT request for /data/table_1729975925326/7e962b34-bd95-45e9-a632-b0c24f3a6544/value (on host 'default')
2024-10-26 16:52:05.458 W-00    Sending a 200 response (2 bytes)
2024-10-26 16:52:05.460 W-00  Received a PUT request for /data/table_1729975925326/4feb5b40-8a31-4d19-a2f8-0549ef36c7b2/value (on host 'default')
2024-10-26 16:52:05.460 W-00    Sending a 200 response (2 bytes)
2024-10-26 16:52:05.462 W-00  Received a PUT request for /data/table_1729975925326/0b652623-bc0c-43e3-8131-caf742177888/value (on host 'default')
2024-10-26 16:52:05.462 W-00    Sending a 200 response (2 bytes)
2024-10-26 16:52:05.464 W-00  Received a PUT request for /data/table_1729975925326/56d0ae47-721c-4c69-828d-162d1366cfb7/value (on host 'default')
2024-10-26 16:52:05.464 W-00    Sending a 200 response (2 bytes)
2024-10-26 16:52:05.465 W-00  Received a PUT request for /data/table_1729975925326/e9b074b0-26a9-4347-9d52-3f1c34958b81/value (on host 'default')
2024-10-26 16:52:05.465 W-00    Sending a 200 response (2 bytes)
2024-10-26 16:52:05.467 W-00  Received a PUT request for /data/table_1729975925326/05335bf2-35dd-447c-8a93-d0ec23688a94/value (on host 'default')
2024-10-26 16:52:05.467 W-00    Sending a 200 response (2 bytes)
2024-10-26 16:52:05.469 W-00  Received a PUT request for /data/table_1729975925326/b7b4b728-caa2-4c18-9031-73f8dcbbeb45/value (on host 'default')
2024-10-26 16:52:05.469 W-00    Sending a 200 response (2 bytes)
2024-10-26 16:52:05.470 W-00  Received a PUT request for /data/table_1729975925326/8cdbb5c2-1deb-46d1-af49-305905689579/value (on host 'default')
2024-10-26 16:52:05.470 W-00    Sending a 200 response (2 bytes)
2024-10-26 16:52:05.471 W-00  Received a PUT request for /data/table_1729975925326/692ec3fa-8309-410e-bf29-72d4880afed1/value (on host 'default')
2024-10-26 16:52:05.472 W-00    Sending a 200 response (2 bytes)
2024-10-26 16:52:05.473 W-00  Received a PUT request for /data/table_1729975925326/97d0f5de-c9c0-47aa-81cb-d3ed97eb87e2/value (on host 'default')
2024-10-26 16:52:05.473 W-00    Sending a 200 response (2 bytes)
2024-10-26 16:52:05.475 W-00  Received a PUT request for /data/table_1729975925326/73cc354d-bf04-499b-afab-2496c653b019/value (on host 'default')
2024-10-26 16:52:05.475 W-00    Sending a 200 response (2 bytes)
2024-10-26 16:52:05.476 W-00  Received a PUT request for /data/table_1729975925326/1b321ae1-bfa1-4f8a-a396-7c8914b0eada/value (on host 'default')
2024-10-26 16:52:05.476 W-00    Sending a 200 response (2 bytes)
2024-10-26 16:52:05.477 W-00  Received a PUT request for /data/table_1729975925326/41c32a6c-dff0-4bb3-9b0d-7f5b09344cce/value (on host 'default')
2024-10-26 16:52:05.478 W-00    Sending a 200 response (2 bytes)
2024-10-26 16:52:05.479 W-00  Received a PUT request for /data/table_1729975925326/b1e91fb9-d165-4b3f-8877-eb4af29108d9/value (on host 'default')
2024-10-26 16:52:05.480 W-00    Sending a 200 response (2 bytes)
2024-10-26 16:52:05.481 W-00  Received a PUT request for /data/table_1729975925326/9fdea54d-93e5-42d0-873c-265643e54438/value (on host 'default')
2024-10-26 16:52:05.481 W-00    Sending a 200 response (2 bytes)
2024-10-26 16:52:05.483 W-00  Received a PUT request for /data/table_1729975925326/6ecde814-22ef-487c-ab72-4daad5fd82cc/value (on host 'default')
2024-10-26 16:52:05.483 W-00    Sending a 200 response (2 bytes)
2024-10-26 16:52:05.485 W-00  Received a PUT request for /data/table_1729975925326/314df46e-ae2c-4f4a-a38d-947be3786304/value (on host 'default')
2024-10-26 16:52:05.485 W-00    Sending a 200 response (2 bytes)
2024-10-26 16:52:05.486 W-00  Received a PUT request for /data/table_1729975925326/3bcef800-973b-4d99-a070-04a60daab950/value (on host 'default')
2024-10-26 16:52:05.487 W-00    Sending a 200 response (2 bytes)
2024-10-26 16:52:05.488 W-00  Received a PUT request for /data/table_1729975925326/c5e83946-4bcc-4d87-b4dc-561d3c9d895e/value (on host 'default')
2024-10-26 16:52:05.488 W-00    Sending a 200 response (2 bytes)
2024-10-26 16:52:05.489 W-00  Received a PUT request for /data/table_1729975925326/694152c8-3a97-4e2a-b114-5cf736f7916b/value (on host 'default')
2024-10-26 16:52:05.489 W-00    Sending a 200 response (2 bytes)
2024-10-26 16:52:05.491 W-00  Received a PUT request for /data/table_1729975925326/07f118d3-f019-4527-bd22-cd136337944d/value (on host 'default')
2024-10-26 16:52:05.491 W-00    Sending a 200 response (2 bytes)
2024-10-26 16:52:05.492 W-00  Received a PUT request for /data/table_1729975925326/8ecf1265-c7bd-493a-bacc-81aea140f0da/value (on host 'default')
2024-10-26 16:52:05.493 W-00    Sending a 200 response (2 bytes)
2024-10-26 16:52:05.494 W-00  Received a PUT request for /data/table_1729975925326/9d855980-03b1-426c-b1af-b69603a4fbd8/value (on host 'default')
2024-10-26 16:52:05.494 W-00    Sending a 200 response (2 bytes)
2024-10-26 16:52:05.496 W-00  Received a PUT request for /data/table_1729975925326/2cd8eac4-2d1a-4405-9fed-9556c2fecd16/value (on host 'default')
2024-10-26 16:52:05.497 W-00    Sending a 200 response (2 bytes)
2024-10-26 16:52:05.498 W-00  Received a PUT request for /data/table_1729975925326/31b61bee-b9cf-4940-8707-e2228f16f936/value (on host 'default')
2024-10-26 16:52:05.499 W-00    Sending a 200 response (2 bytes)
2024-10-26 16:52:05.501 W-00  Received a PUT request for /data/table_1729975925326/d7f4e541-3d41-428c-a9b4-4240c8228d12/value (on host 'default')
2024-10-26 16:52:05.501 W-00    Sending a 200 response (2 bytes)
2024-10-26 16:52:05.516 W-01  Received a GET request for /data/table_1729975925326?endRowExclusive=ijdvx (on host 'default')
2024-10-26 16:52:05.526 W-02  Received a GET request for /data/table_1729975925326?startRow=ijdvx (on host 'default')
2024-10-26 16:52:05.528 W-03    Sending a 200 response (405 bytes)
2024-10-26 16:52:05.535 W-04  Received a POST request for /submit?class=cis5550.test.FlameFlatMap&arg1=elderberry+guava&arg2=banana+fig&arg3=date+date+apple+guava+date+fig&arg4=guava&arg5=guava&arg6=coconut+apple+apple+date+date&arg7=coconut+banana&arg8=elderberry&arg9=guava+banana+banana&arg10=coconut&arg11=apple+apple+fig+coconut+elderberry (on host 'default')
2024-10-26 16:52:05.535 W-04  New job submitted; main class is cis5550.test.FlameFlatMap
2024-10-26 16:52:05.536 W-00  Received a POST request for /useJAR (on host 'default')
2024-10-26 16:52:05.536 W-00  Received a POST request for /useJAR (on host 'default')
2024-10-26 16:52:05.538 W-00    Sending a 200 response (2 bytes)
2024-10-26 16:52:05.538 W-00    Sending a 200 response (2 bytes)
2024-10-26 16:52:05.541 W-00  Received a PUT request for /data/table_1729975925540/5b11f6e3-b8af-4af6-97d2-764c44fdfccf/value (on host 'default')
2024-10-26 16:52:05.541 W-00    Sending a 200 response (2 bytes)
2024-10-26 16:52:05.543 W-00  Received a PUT request for /data/table_1729975925540/f621aae0-1c60-4d32-9a8d-8c78472d514a/value (on host 'default')
2024-10-26 16:52:05.543 W-00    Sending a 200 response (2 bytes)
2024-10-26 16:52:05.545 W-00  Received a PUT request for /data/table_1729975925540/16c71f4c-1b90-4234-91df-7bcd253abae9/value (on host 'default')
2024-10-26 16:52:05.545 W-00    Sending a 200 response (2 bytes)
2024-10-26 16:52:05.547 W-00  Received a PUT request for /data/table_1729975925540/73942b1e-95d7-46e2-b1d7-d2d95be642b4/value (on host 'default')
2024-10-26 16:52:05.547 W-00    Sending a 200 response (2 bytes)
2024-10-26 16:52:05.548 W-00  Received a PUT request for /data/table_1729975925540/897ca657-329c-4c29-8989-ebc096788f2d/value (on host 'default')
2024-10-26 16:52:05.548 W-00    Sending a 200 response (2 bytes)
2024-10-26 16:52:05.550 W-00  Received a PUT request for /data/table_1729975925540/5d613ab5-3dd4-4493-9fe5-ebe4010a22da/value (on host 'default')
2024-10-26 16:52:05.550 W-00    Sending a 200 response (2 bytes)
2024-10-26 16:52:05.551 W-00  Received a PUT request for /data/table_1729975925540/b7102ac0-214d-45d1-8017-371449eaaffb/value (on host 'default')
2024-10-26 16:52:05.551 W-00    Sending a 200 response (2 bytes)
2024-10-26 16:52:05.553 W-00  Received a PUT request for /data/table_1729975925540/899c8f02-222b-43e3-916e-512f358e1b8b/value (on host 'default')
2024-10-26 16:52:05.553 W-00    Sending a 200 response (2 bytes)
2024-10-26 16:52:05.554 W-00  Received a PUT request for /data/table_1729975925540/0aa513b0-d8a2-4a28-938f-7935c764f6ff/value (on host 'default')
2024-10-26 16:52:05.555 W-00    Sending a 200 response (2 bytes)
2024-10-26 16:52:05.556 W-00  Received a PUT request for /data/table_1729975925540/3359eb84-7d03-49e3-ae04-27d48b6f88e3/value (on host 'default')
2024-10-26 16:52:05.556 W-00    Sending a 200 response (2 bytes)
2024-10-26 16:52:05.558 W-00  Received a PUT request for /data/table_1729975925540/145a44a3-0aa5-4d12-99f7-66cd77a8e5d9/value (on host 'default')
2024-10-26 16:52:05.558 W-00    Sending a 200 response (2 bytes)
2024-10-26 16:52:05.580 W-00  Received a POST request for /rdd/flatMap?inputTable=table_1729975925540&outputTable=rdd_1729975925575&kvsWorker=127.0.0.1:8001&kvsCoordinator=localhost:8000&endKey=ijdvx (on host 'default')
2024-10-26 16:52:05.580 W-00  Received a POST request for /rdd/flatMap?inputTable=table_1729975925540&outputTable=rdd_1729975925575&kvsWorker=127.0.0.1:8001&kvsCoordinator=localhost:8000&startKey=ijdvx (on host 'default')
2024-10-26 16:52:05.605 W-02  Received a GET request for /workers (on host 'default')
2024-10-26 16:52:05.605 W-03  Received a GET request for /workers (on host 'default')
2024-10-26 16:52:05.606 W-02    Sending a 200 response (23 bytes)
2024-10-26 16:52:05.606 W-03    Sending a 200 response (23 bytes)
2024-10-26 16:52:05.617 W-03  Received a GET request for /data/table_1729975925540?startRow=ijdvx (on host 'default')
2024-10-26 16:52:05.617 W-04  Received a GET request for /data/table_1729975925540?endRowExclusive=ijdvx (on host 'default')
2024-10-26 16:52:05.618 W-00    Sending a 200 response (2 bytes)
2024-10-26 16:52:05.671 W-05  Received a PUT request for /data/rdd_1729975925575/00048449-a5a5-421e-9082-c6382647f565/value (on host 'default')
2024-10-26 16:52:05.671 W-05    Sending a 200 response (2 bytes)
2024-10-26 16:52:05.673 W-05  Received a PUT request for /data/rdd_1729975925575/fee46197-f234-439a-87fb-8a440a756245/value (on host 'default')
2024-10-26 16:52:05.673 W-05    Sending a 200 response (2 bytes)
2024-10-26 16:52:05.674 W-05  Received a PUT request for /data/rdd_1729975925575/335ca68e-8880-47d7-ad6a-a57cd6283be6/value (on host 'default')
2024-10-26 16:52:05.674 W-05    Sending a 200 response (2 bytes)
2024-10-26 16:52:05.676 W-05  Received a PUT request for /data/rdd_1729975925575/6d7a1f21-dd14-4a49-9a60-d7ad47d4eff0/value (on host 'default')
2024-10-26 16:52:05.676 W-05    Sending a 200 response (2 bytes)
2024-10-26 16:52:05.678 W-05  Received a PUT request for /data/rdd_1729975925575/47317449-1b53-4601-b00b-880b9ae13bb5/value (on host 'default')
2024-10-26 16:52:05.678 W-05    Sending a 200 response (2 bytes)
2024-10-26 16:52:05.680 W-05  Received a PUT request for /data/rdd_1729975925575/fed5a2b8-e8f1-4a16-a8f4-7894107361f8/value (on host 'default')
2024-10-26 16:52:05.681 W-05    Sending a 200 response (2 bytes)
2024-10-26 16:52:05.683 W-05  Received a PUT request for /data/rdd_1729975925575/cb8d0682-192e-4c7e-b2aa-28657b464765/value (on host 'default')
2024-10-26 16:52:05.683 W-05    Sending a 200 response (2 bytes)
2024-10-26 16:52:05.685 W-05  Received a PUT request for /data/rdd_1729975925575/a6ecfc78-b2ae-44f9-b637-b335f7d0b19f/value (on host 'default')
2024-10-26 16:52:05.685 W-05    Sending a 200 response (2 bytes)
2024-10-26 16:52:05.687 W-05  Received a PUT request for /data/rdd_1729975925575/558ed816-d3a1-49bd-804d-0f20775b9a3a/value (on host 'default')
2024-10-26 16:52:05.687 W-05    Sending a 200 response (2 bytes)
2024-10-26 16:52:05.688 W-05  Received a PUT request for /data/rdd_1729975925575/1e9772eb-8aed-40d7-bc46-5781c1ecda05/value (on host 'default')
2024-10-26 16:52:05.689 W-05    Sending a 200 response (2 bytes)
2024-10-26 16:52:05.690 W-05  Received a PUT request for /data/rdd_1729975925575/8889ac9e-bd4f-4cd9-aeb9-d9da6697c000/value (on host 'default')
2024-10-26 16:52:05.690 W-05    Sending a 200 response (2 bytes)
2024-10-26 16:52:05.692 W-05  Received a PUT request for /data/rdd_1729975925575/35679618-0a9f-4010-a6fa-b82adeba2fd1/value (on host 'default')
2024-10-26 16:52:05.693 W-05    Sending a 200 response (2 bytes)
2024-10-26 16:52:05.694 W-05  Received a PUT request for /data/rdd_1729975925575/0d7ce114-05f4-47d7-b568-cd06cf3fdd49/value (on host 'default')
2024-10-26 16:52:05.695 W-05    Sending a 200 response (2 bytes)
2024-10-26 16:52:05.697 W-05  Received a PUT request for /data/rdd_1729975925575/1be1db9c-f475-46d9-9ee0-d3b724b300c5/value (on host 'default')
2024-10-26 16:52:05.697 W-05    Sending a 200 response (2 bytes)
2024-10-26 16:52:05.699 W-05  Received a PUT request for /data/rdd_1729975925575/9891b648-b98e-480c-a106-70e731a6b00b/value (on host 'default')
2024-10-26 16:52:05.699 W-05    Sending a 200 response (2 bytes)
2024-10-26 16:52:05.700 W-05  Received a PUT request for /data/rdd_1729975925575/b17e68f4-0d80-4d50-a8a7-33fdc953ecb4/value (on host 'default')
2024-10-26 16:52:05.700 W-05    Sending a 200 response (2 bytes)
2024-10-26 16:52:05.701 W-05  Received a PUT request for /data/rdd_1729975925575/19069e74-26ec-4006-86d4-73620e7d6300/value (on host 'default')
2024-10-26 16:52:05.701 W-05    Sending a 200 response (2 bytes)
2024-10-26 16:52:05.703 W-05  Received a PUT request for /data/rdd_1729975925575/ff5e9ba5-ad9e-434a-bdb7-4adc215d4ae9/value (on host 'default')
2024-10-26 16:52:05.703 W-05    Sending a 200 response (2 bytes)
2024-10-26 16:52:05.704 W-05  Received a PUT request for /data/rdd_1729975925575/9527b91b-d25d-42ac-ba5c-b3b0387564e5/value (on host 'default')
2024-10-26 16:52:05.705 W-05    Sending a 200 response (2 bytes)
2024-10-26 16:52:05.706 W-05  Received a PUT request for /data/rdd_1729975925575/20928496-fef7-401d-b703-9e440725eaa8/value (on host 'default')
2024-10-26 16:52:05.706 W-05    Sending a 200 response (2 bytes)
2024-10-26 16:52:05.709 W-05  Received a PUT request for /data/rdd_1729975925575/523ec9f7-bdde-4a52-b383-b9a895512111/value (on host 'default')
2024-10-26 16:52:05.709 W-05    Sending a 200 response (2 bytes)
2024-10-26 16:52:05.710 W-05  Received a PUT request for /data/rdd_1729975925575/d0929d1d-4e0c-4624-85e3-0fb7ec3b66d7/value (on host 'default')
2024-10-26 16:52:05.710 W-05    Sending a 200 response (2 bytes)
2024-10-26 16:52:05.712 W-05  Received a PUT request for /data/rdd_1729975925575/9ac1d376-8568-4261-9b4d-7da048f04e78/value (on host 'default')
2024-10-26 16:52:05.712 W-05    Sending a 200 response (2 bytes)
2024-10-26 16:52:05.713 W-05  Received a PUT request for /data/rdd_1729975925575/25443c11-499e-47ae-a5e9-1decbaaaf798/value (on host 'default')
2024-10-26 16:52:05.714 W-05    Sending a 200 response (2 bytes)
2024-10-26 16:52:05.715 W-05  Received a PUT request for /data/rdd_1729975925575/72dc4fbb-4ff2-41f9-a468-a43547aa4e73/value (on host 'default')
2024-10-26 16:52:05.715 W-05    Sending a 200 response (2 bytes)
2024-10-26 16:52:05.717 W-05  Received a PUT request for /data/rdd_1729975925575/2f027d9b-510e-4eee-935b-720b261af2dd/value (on host 'default')
2024-10-26 16:52:05.717 W-05    Sending a 200 response (2 bytes)
2024-10-26 16:52:05.719 W-05  Received a PUT request for /data/rdd_1729975925575/6c8f80b1-3cf1-45d2-8046-8aabaefb7b85/value (on host 'default')
2024-10-26 16:52:05.720 W-05    Sending a 200 response (2 bytes)
2024-10-26 16:52:05.721 W-05  Received a PUT request for /data/rdd_1729975925575/47a243d5-f26b-4347-9d11-49d847bd5d63/value (on host 'default')
2024-10-26 16:52:05.721 W-05    Sending a 200 response (2 bytes)
2024-10-26 16:52:05.722 W-05  Received a PUT request for /data/rdd_1729975925575/c90f698b-833a-4e78-8655-5acc85181182/value (on host 'default')
2024-10-26 16:52:05.722 W-05    Sending a 200 response (2 bytes)
2024-10-26 16:52:05.723 W-00    Sending a 200 response (2 bytes)
2024-10-26 16:52:05.726 W-06  Received a GET request for /data/rdd_1729975925575?endRowExclusive=ijdvx (on host 'default')
2024-10-26 16:52:05.733 W-07  Received a GET request for /data/rdd_1729975925575?startRow=ijdvx (on host 'default')
2024-10-26 16:52:05.734 W-04    Sending a 200 response (189 bytes)
2024-10-26 16:52:05.744 W-05  Received a POST request for /submit?class=cis5550.test.FlameMapToPair&arg1=banana&arg2=coconut&arg3=chestnut&arg4=acorn&arg5=banana&arg6=blueberry&arg7=blueberry&arg8=apple&arg9=acorn&arg10=chestnut&arg11=blueberry&arg12=chestnut&arg13=chestnut&arg14=coconut (on host 'default')
2024-10-26 16:52:05.744 W-05  New job submitted; main class is cis5550.test.FlameMapToPair
2024-10-26 16:52:05.747 W-00  Received a POST request for /useJAR (on host 'default')
2024-10-26 16:52:05.747 W-00  Received a POST request for /useJAR (on host 'default')
2024-10-26 16:52:05.748 W-00    Sending a 200 response (2 bytes)
2024-10-26 16:52:05.748 W-00    Sending a 200 response (2 bytes)
2024-10-26 16:52:05.752 W-00  Received a PUT request for /data/table_1729975925751/fb5da5a7-72ee-4156-b30e-ffa7c340c85d/value (on host 'default')
2024-10-26 16:52:05.753 W-00    Sending a 200 response (2 bytes)
2024-10-26 16:52:05.754 W-00  Received a PUT request for /data/table_1729975925751/dbc0eec9-21df-4fab-8ab3-969c00ba3c8f/value (on host 'default')
2024-10-26 16:52:05.754 W-00    Sending a 200 response (2 bytes)
2024-10-26 16:52:05.755 W-00  Received a PUT request for /data/table_1729975925751/23fa96d3-6d35-4bc8-b104-31b02f511dad/value (on host 'default')
2024-10-26 16:52:05.756 W-00    Sending a 200 response (2 bytes)
2024-10-26 16:52:05.757 W-00  Received a PUT request for /data/table_1729975925751/16e292ca-71c0-46da-aeeb-a6938f0e3a03/value (on host 'default')
2024-10-26 16:52:05.757 W-00    Sending a 200 response (2 bytes)
2024-10-26 16:52:05.758 W-00  Received a PUT request for /data/table_1729975925751/30f04413-98c6-4e0d-bbd2-45f9c343072c/value (on host 'default')
2024-10-26 16:52:05.759 W-00    Sending a 200 response (2 bytes)
2024-10-26 16:52:05.760 W-00  Received a PUT request for /data/table_1729975925751/b7d265ff-bcb8-4fce-b02b-5a58fc7b81d4/value (on host 'default')
2024-10-26 16:52:05.760 W-00    Sending a 200 response (2 bytes)
2024-10-26 16:52:05.762 W-00  Received a PUT request for /data/table_1729975925751/de4b9fe2-548b-49e0-844a-ad90bd23a021/value (on host 'default')
2024-10-26 16:52:05.762 W-00    Sending a 200 response (2 bytes)
2024-10-26 16:52:05.764 W-00  Received a PUT request for /data/table_1729975925751/bffa2395-9522-4425-828f-43bc7c253262/value (on host 'default')
2024-10-26 16:52:05.764 W-00    Sending a 200 response (2 bytes)
2024-10-26 16:52:05.765 W-00  Received a PUT request for /data/table_1729975925751/728e7239-a0cd-4726-b538-3709a056c700/value (on host 'default')
2024-10-26 16:52:05.765 W-00    Sending a 200 response (2 bytes)
2024-10-26 16:52:05.766 W-00  Received a PUT request for /data/table_1729975925751/d2904a5a-1f1e-4e91-8679-c7ea88adeb61/value (on host 'default')
2024-10-26 16:52:05.767 W-00    Sending a 200 response (2 bytes)
2024-10-26 16:52:05.768 W-00  Received a PUT request for /data/table_1729975925751/c2620e7e-e09d-4644-8db9-44367db91550/value (on host 'default')
2024-10-26 16:52:05.768 W-00    Sending a 200 response (2 bytes)
2024-10-26 16:52:05.770 W-00  Received a PUT request for /data/table_1729975925751/07f7f430-6d53-4a77-8fb5-05d5f7a218b5/value (on host 'default')
2024-10-26 16:52:05.770 W-00    Sending a 200 response (2 bytes)
2024-10-26 16:52:05.771 W-00  Received a PUT request for /data/table_1729975925751/09650c1e-7eb7-40f4-9326-011dc15cc7dd/value (on host 'default')
2024-10-26 16:52:05.772 W-00    Sending a 200 response (2 bytes)
2024-10-26 16:52:05.773 W-00  Received a PUT request for /data/table_1729975925751/e8e8fceb-c243-4e54-8192-46ea86fdff10/value (on host 'default')
2024-10-26 16:52:05.773 W-00    Sending a 200 response (2 bytes)
2024-10-26 16:52:05.778 W-00  Received a POST request for /rdd/mapToPair?inputTable=table_1729975925751&outputTable=rdd_1729975925776&kvsWorker=127.0.0.1:8001&kvsCoordinator=localhost:8000&startKey=ijdvx (on host 'default')
2024-10-26 16:52:05.778 W-00  Received a POST request for /rdd/mapToPair?inputTable=table_1729975925751&outputTable=rdd_1729975925776&kvsWorker=127.0.0.1:8001&kvsCoordinator=localhost:8000&endKey=ijdvx (on host 'default')
2024-10-26 16:52:05.783 W-02  Received a GET request for /workers (on host 'default')
2024-10-26 16:52:05.783 W-03  Received a GET request for /workers (on host 'default')
2024-10-26 16:52:05.783 W-02    Sending a 200 response (23 bytes)
2024-10-26 16:52:05.783 W-03    Sending a 200 response (23 bytes)
2024-10-26 16:52:05.785 W-08  Received a GET request for /data/table_1729975925751?endRowExclusive=ijdvx (on host 'default')
2024-10-26 16:52:05.786 W-09  Received a GET request for /data/table_1729975925751?startRow=ijdvx (on host 'default')
2024-10-26 16:52:05.786 W-00    Sending a 200 response (2 bytes)
2024-10-26 16:52:05.788 W-05  Received a PUT request for /data/rdd_1729975925776/c/23fa96d3-6d35-4bc8-b104-31b02f511dad (on host 'default')
2024-10-26 16:52:05.788 W-05    Sending a 200 response (2 bytes)
2024-10-26 16:52:05.791 W-05  Received a PUT request for /data/rdd_1729975925776/a/bffa2395-9522-4425-828f-43bc7c253262 (on host 'default')
2024-10-26 16:52:05.791 W-05    Sending a 200 response (2 bytes)
2024-10-26 16:52:05.792 W-05  Received a PUT request for /data/rdd_1729975925776/a/16e292ca-71c0-46da-aeeb-a6938f0e3a03 (on host 'default')
2024-10-26 16:52:05.793 W-05    Sending a 200 response (2 bytes)
2024-10-26 16:52:05.794 W-05  Received a PUT request for /data/rdd_1729975925776/c/07f7f430-6d53-4a77-8fb5-05d5f7a218b5 (on host 'default')
2024-10-26 16:52:05.794 W-05    Sending a 200 response (2 bytes)
2024-10-26 16:52:05.796 W-05  Received a PUT request for /data/rdd_1729975925776/c/e8e8fceb-c243-4e54-8192-46ea86fdff10 (on host 'default')
2024-10-26 16:52:05.796 W-05    Sending a 200 response (2 bytes)
2024-10-26 16:52:05.798 W-05  Received a PUT request for /data/rdd_1729975925776/b/de4b9fe2-548b-49e0-844a-ad90bd23a021 (on host 'default')
2024-10-26 16:52:05.798 W-05    Sending a 200 response (2 bytes)
2024-10-26 16:52:05.800 W-05  Received a PUT request for /data/rdd_1729975925776/c/dbc0eec9-21df-4fab-8ab3-969c00ba3c8f (on host 'default')
2024-10-26 16:52:05.800 W-05    Sending a 200 response (2 bytes)
2024-10-26 16:52:05.801 W-05  Received a PUT request for /data/rdd_1729975925776/c/d2904a5a-1f1e-4e91-8679-c7ea88adeb61 (on host 'default')
2024-10-26 16:52:05.801 W-05    Sending a 200 response (2 bytes)
2024-10-26 16:52:05.803 W-05  Received a PUT request for /data/rdd_1729975925776/b/fb5da5a7-72ee-4156-b30e-ffa7c340c85d (on host 'default')
2024-10-26 16:52:05.803 W-05    Sending a 200 response (2 bytes)
2024-10-26 16:52:05.805 W-05  Received a PUT request for /data/rdd_1729975925776/b/30f04413-98c6-4e0d-bbd2-45f9c343072c (on host 'default')
2024-10-26 16:52:05.805 W-05    Sending a 200 response (2 bytes)
2024-10-26 16:52:05.807 W-05  Received a PUT request for /data/rdd_1729975925776/b/c2620e7e-e09d-4644-8db9-44367db91550 (on host 'default')
2024-10-26 16:52:05.807 W-05    Sending a 200 response (2 bytes)
2024-10-26 16:52:05.808 W-05  Received a PUT request for /data/rdd_1729975925776/c/09650c1e-7eb7-40f4-9326-011dc15cc7dd (on host 'default')
2024-10-26 16:52:05.808 W-05    Sending a 200 response (2 bytes)
2024-10-26 16:52:05.809 W-05  Received a PUT request for /data/rdd_1729975925776/a/728e7239-a0cd-4726-b538-3709a056c700 (on host 'default')
2024-10-26 16:52:05.809 W-05    Sending a 200 response (2 bytes)
2024-10-26 16:52:05.811 W-05  Received a PUT request for /data/rdd_1729975925776/b/b7d265ff-bcb8-4fce-b02b-5a58fc7b81d4 (on host 'default')
2024-10-26 16:52:05.811 W-05    Sending a 200 response (2 bytes)
2024-10-26 16:52:05.812 W-00    Sending a 200 response (2 bytes)
2024-10-26 16:52:05.815 W-10  Received a GET request for /data/rdd_1729975925776?endRowExclusive=ijdvx (on host 'default')
2024-10-26 16:52:05.819 W-11  Received a GET request for /data/rdd_1729975925776?startRow=ijdvx (on host 'default')
2024-10-26 16:52:05.820 W-05    Sending a 200 response (155 bytes)
2024-10-26 16:52:05.835 W-06  Received a POST request for /submit?class=cis5550.test.FlameFoldByKey&arg1=A+12&arg2=B+9&arg3=C+2&arg4=B+12&arg5=A+4&arg6=B+0&arg7=B+3&arg8=A+13&arg9=A+11&arg10=A+16&arg11=A+0&arg12=A+3&arg13=B+16&arg14=C+14&arg15=C+17&arg16=C+16&arg17=C+4&arg18=C+2&arg19=C+10&arg20=A+3&arg21=B+0&arg22=C+16&arg23=A+15&arg24=A+18 (on host 'default')
2024-10-26 16:52:05.836 W-06  New job submitted; main class is cis5550.test.FlameFoldByKey
2024-10-26 16:52:05.838 W-00  Received a POST request for /useJAR (on host 'default')
2024-10-26 16:52:05.838 W-00  Received a POST request for /useJAR (on host 'default')
2024-10-26 16:52:05.839 W-00    Sending a 200 response (2 bytes)
2024-10-26 16:52:05.839 W-00    Sending a 200 response (2 bytes)
2024-10-26 16:52:05.842 W-00  Received a PUT request for /data/table_1729975925842/a203ad4e-582e-4bf6-8e30-356588980e9f/value (on host 'default')
2024-10-26 16:52:05.843 W-00    Sending a 200 response (2 bytes)
2024-10-26 16:52:05.844 W-00  Received a PUT request for /data/table_1729975925842/98a59fb2-b620-482d-80dc-46a8f155038f/value (on host 'default')
2024-10-26 16:52:05.844 W-00    Sending a 200 response (2 bytes)
2024-10-26 16:52:05.846 W-00  Received a PUT request for /data/table_1729975925842/42965b64-f320-45a0-ae41-017f830c8a70/value (on host 'default')
2024-10-26 16:52:05.846 W-00    Sending a 200 response (2 bytes)
2024-10-26 16:52:05.849 W-00  Received a PUT request for /data/table_1729975925842/c08ea87e-6598-4ce5-a68a-bee63c0094c0/value (on host 'default')
2024-10-26 16:52:05.849 W-00    Sending a 200 response (2 bytes)
2024-10-26 16:52:05.850 W-00  Received a PUT request for /data/table_1729975925842/53a9a910-a692-4602-83b4-e0e5e12af5ca/value (on host 'default')
2024-10-26 16:52:05.850 W-00    Sending a 200 response (2 bytes)
2024-10-26 16:52:05.851 W-00  Received a PUT request for /data/table_1729975925842/9a6e8f47-1364-4b1e-b70d-e691d1c86ab9/value (on host 'default')
2024-10-26 16:52:05.851 W-00    Sending a 200 response (2 bytes)
2024-10-26 16:52:05.852 W-00  Received a PUT request for /data/table_1729975925842/32e76c96-6d03-4d13-adeb-2bf9a8cffe5e/value (on host 'default')
2024-10-26 16:52:05.853 W-00    Sending a 200 response (2 bytes)
2024-10-26 16:52:05.853 W-00  Received a PUT request for /data/table_1729975925842/3aaed176-6aeb-4d45-b5dc-79a17095031e/value (on host 'default')
2024-10-26 16:52:05.854 W-00    Sending a 200 response (2 bytes)
2024-10-26 16:52:05.855 W-00  Received a PUT request for /data/table_1729975925842/3d0a653e-9540-4cc2-a274-f3d88d09d80c/value (on host 'default')
2024-10-26 16:52:05.855 W-00    Sending a 200 response (2 bytes)
2024-10-26 16:52:05.856 W-00  Received a PUT request for /data/table_1729975925842/661ee23f-7603-458f-b51d-5790f28f06e2/value (on host 'default')
2024-10-26 16:52:05.856 W-00    Sending a 200 response (2 bytes)
2024-10-26 16:52:05.857 W-00  Received a PUT request for /data/table_1729975925842/415ad11d-fbfd-46dd-a6fb-921be4d6125f/value (on host 'default')
2024-10-26 16:52:05.857 W-00    Sending a 200 response (2 bytes)
2024-10-26 16:52:05.858 W-00  Received a PUT request for /data/table_1729975925842/dc8a21c8-2ce2-402f-8347-90ca67b9e692/value (on host 'default')
2024-10-26 16:52:05.859 W-00    Sending a 200 response (2 bytes)
2024-10-26 16:52:05.861 W-00  Received a PUT request for /data/table_1729975925842/5da2d5a6-2569-47d2-85ca-a31edb30d076/value (on host 'default')
2024-10-26 16:52:05.861 W-00    Sending a 200 response (2 bytes)
2024-10-26 16:52:05.862 W-00  Received a PUT request for /data/table_1729975925842/7a342049-4759-4335-b976-b15ecf06666d/value (on host 'default')
2024-10-26 16:52:05.862 W-00    Sending a 200 response (2 bytes)
2024-10-26 16:52:05.863 W-00  Received a PUT request for /data/table_1729975925842/14c136c6-15e4-4ff0-b579-1266958d33b5/value (on host 'default')
2024-10-26 16:52:05.864 W-00    Sending a 200 response (2 bytes)
2024-10-26 16:52:05.864 W-00  Received a PUT request for /data/table_1729975925842/f53a120c-62c2-4c29-a269-847a572c30ba/value (on host 'default')
2024-10-26 16:52:05.865 W-00    Sending a 200 response (2 bytes)
2024-10-26 16:52:05.866 W-00  Received a PUT request for /data/table_1729975925842/5ea80134-eb53-4e75-8ba4-e5cfa930e1a7/value (on host 'default')
2024-10-26 16:52:05.866 W-00    Sending a 200 response (2 bytes)
2024-10-26 16:52:05.867 W-00  Received a PUT request for /data/table_1729975925842/5366feed-3317-4cf5-a159-ed39207c3c44/value (on host 'default')
2024-10-26 16:52:05.867 W-00    Sending a 200 response (2 bytes)
2024-10-26 16:52:05.868 W-00  Received a PUT request for /data/table_1729975925842/83345dfd-25e1-470f-93a1-da3b977e101c/value (on host 'default')
2024-10-26 16:52:05.868 W-00    Sending a 200 response (2 bytes)
2024-10-26 16:52:05.869 W-00  Received a PUT request for /data/table_1729975925842/cf930938-ec66-40c3-84d0-e869fb9f5e70/value (on host 'default')
2024-10-26 16:52:05.869 W-00    Sending a 200 response (2 bytes)
2024-10-26 16:52:05.871 W-00  Received a PUT request for /data/table_1729975925842/54bef971-9485-402c-8c1b-60578b57c82f/value (on host 'default')
2024-10-26 16:52:05.871 W-00    Sending a 200 response (2 bytes)
2024-10-26 16:52:05.872 W-00  Received a PUT request for /data/table_1729975925842/c3243ed9-d15f-43bf-b2f0-da6316cee7cb/value (on host 'default')
2024-10-26 16:52:05.872 W-00    Sending a 200 response (2 bytes)
2024-10-26 16:52:05.874 W-00  Received a PUT request for /data/table_1729975925842/ec3e3dd2-32fb-47ba-94eb-f91b487e47af/value (on host 'default')
2024-10-26 16:52:05.874 W-00    Sending a 200 response (2 bytes)
2024-10-26 16:52:05.875 W-00  Received a PUT request for /data/table_1729975925842/5965657e-7283-4867-a4f4-69233b946d00/value (on host 'default')
2024-10-26 16:52:05.875 W-00    Sending a 200 response (2 bytes)
2024-10-26 16:52:05.879 W-00  Received a POST request for /rdd/mapToPair?inputTable=table_1729975925842&outputTable=rdd_1729975925877&kvsWorker=127.0.0.1:8001&kvsCoordinator=localhost:8000&endKey=ijdvx (on host 'default')
2024-10-26 16:52:05.879 W-00  Received a POST request for /rdd/mapToPair?inputTable=table_1729975925842&outputTable=rdd_1729975925877&kvsWorker=127.0.0.1:8001&kvsCoordinator=localhost:8000&startKey=ijdvx (on host 'default')
2024-10-26 16:52:05.882 W-02  Received a GET request for /workers (on host 'default')
2024-10-26 16:52:05.882 W-03  Received a GET request for /workers (on host 'default')
2024-10-26 16:52:05.882 W-02    Sending a 200 response (23 bytes)
2024-10-26 16:52:05.883 W-03    Sending a 200 response (23 bytes)
2024-10-26 16:52:05.885 W-12  Received a GET request for /data/table_1729975925842?endRowExclusive=ijdvx (on host 'default')
2024-10-26 16:52:05.885 W-13  Received a GET request for /data/table_1729975925842?startRow=ijdvx (on host 'default')
2024-10-26 16:52:05.886 W-00    Sending a 200 response (2 bytes)
2024-10-26 16:52:05.887 W-05  Received a PUT request for /data/rdd_1729975925877/A/415ad11d-fbfd-46dd-a6fb-921be4d6125f (on host 'default')
2024-10-26 16:52:05.887 W-05    Sending a 200 response (2 bytes)
2024-10-26 16:52:05.889 W-05  Received a PUT request for /data/rdd_1729975925877/B/5da2d5a6-2569-47d2-85ca-a31edb30d076 (on host 'default')
2024-10-26 16:52:05.889 W-05    Sending a 200 response (2 bytes)
2024-10-26 16:52:05.891 W-05  Received a PUT request for /data/rdd_1729975925877/C/7a342049-4759-4335-b976-b15ecf06666d (on host 'default')
2024-10-26 16:52:05.891 W-05    Sending a 200 response (2 bytes)
2024-10-26 16:52:05.893 W-05  Received a PUT request for /data/rdd_1729975925877/C/f53a120c-62c2-4c29-a269-847a572c30ba (on host 'default')
2024-10-26 16:52:05.893 W-05    Sending a 200 response (2 bytes)
2024-10-26 16:52:05.895 W-05  Received a PUT request for /data/rdd_1729975925877/A/3d0a653e-9540-4cc2-a274-f3d88d09d80c (on host 'default')
2024-10-26 16:52:05.895 W-05    Sending a 200 response (2 bytes)
2024-10-26 16:52:05.897 W-05  Received a PUT request for /data/rdd_1729975925877/A/661ee23f-7603-458f-b51d-5790f28f06e2 (on host 'default')
2024-10-26 16:52:05.897 W-05    Sending a 200 response (2 bytes)
2024-10-26 16:52:05.898 W-05  Received a PUT request for /data/rdd_1729975925877/A/a203ad4e-582e-4bf6-8e30-356588980e9f (on host 'default')
2024-10-26 16:52:05.898 W-05    Sending a 200 response (2 bytes)
2024-10-26 16:52:05.900 W-05  Received a PUT request for /data/rdd_1729975925877/C/83345dfd-25e1-470f-93a1-da3b977e101c (on host 'default')
2024-10-26 16:52:05.900 W-05    Sending a 200 response (2 bytes)
2024-10-26 16:52:05.902 W-05  Received a PUT request for /data/rdd_1729975925877/A/53a9a910-a692-4602-83b4-e0e5e12af5ca (on host 'default')
2024-10-26 16:52:05.902 W-05    Sending a 200 response (2 bytes)
2024-10-26 16:52:05.903 W-05  Received a PUT request for /data/rdd_1729975925877/B/9a6e8f47-1364-4b1e-b70d-e691d1c86ab9 (on host 'default')
2024-10-26 16:52:05.904 W-05    Sending a 200 response (2 bytes)
2024-10-26 16:52:05.905 W-05  Received a PUT request for /data/rdd_1729975925877/B/98a59fb2-b620-482d-80dc-46a8f155038f (on host 'default')
2024-10-26 16:52:05.905 W-05    Sending a 200 response (2 bytes)
2024-10-26 16:52:05.907 W-05  Received a PUT request for /data/rdd_1729975925877/B/54bef971-9485-402c-8c1b-60578b57c82f (on host 'default')
2024-10-26 16:52:05.907 W-05    Sending a 200 response (2 bytes)
2024-10-26 16:52:05.908 W-05  Received a PUT request for /data/rdd_1729975925877/A/cf930938-ec66-40c3-84d0-e869fb9f5e70 (on host 'default')
2024-10-26 16:52:05.908 W-05    Sending a 200 response (2 bytes)
2024-10-26 16:52:05.910 W-05  Received a PUT request for /data/rdd_1729975925877/C/c3243ed9-d15f-43bf-b2f0-da6316cee7cb (on host 'default')
2024-10-26 16:52:05.910 W-05    Sending a 200 response (2 bytes)
2024-10-26 16:52:05.912 W-05  Received a PUT request for /data/rdd_1729975925877/B/32e76c96-6d03-4d13-adeb-2bf9a8cffe5e (on host 'default')
2024-10-26 16:52:05.912 W-05    Sending a 200 response (2 bytes)
2024-10-26 16:52:05.913 W-05  Received a PUT request for /data/rdd_1729975925877/B/c08ea87e-6598-4ce5-a68a-bee63c0094c0 (on host 'default')
2024-10-26 16:52:05.914 W-05    Sending a 200 response (2 bytes)
2024-10-26 16:52:05.915 W-05  Received a PUT request for /data/rdd_1729975925877/C/5366feed-3317-4cf5-a159-ed39207c3c44 (on host 'default')
2024-10-26 16:52:05.915 W-05    Sending a 200 response (2 bytes)
2024-10-26 16:52:05.916 W-05  Received a PUT request for /data/rdd_1729975925877/A/dc8a21c8-2ce2-402f-8347-90ca67b9e692 (on host 'default')
2024-10-26 16:52:05.916 W-05    Sending a 200 response (2 bytes)
2024-10-26 16:52:05.918 W-05  Received a PUT request for /data/rdd_1729975925877/A/ec3e3dd2-32fb-47ba-94eb-f91b487e47af (on host 'default')
2024-10-26 16:52:05.918 W-05    Sending a 200 response (2 bytes)
2024-10-26 16:52:05.920 W-05  Received a PUT request for /data/rdd_1729975925877/A/5965657e-7283-4867-a4f4-69233b946d00 (on host 'default')
2024-10-26 16:52:05.920 W-05    Sending a 200 response (2 bytes)
2024-10-26 16:52:05.922 W-05  Received a PUT request for /data/rdd_1729975925877/C/42965b64-f320-45a0-ae41-017f830c8a70 (on host 'default')
2024-10-26 16:52:05.922 W-05    Sending a 200 response (2 bytes)
2024-10-26 16:52:05.924 W-05  Received a PUT request for /data/rdd_1729975925877/A/3aaed176-6aeb-4d45-b5dc-79a17095031e (on host 'default')
2024-10-26 16:52:05.925 W-05    Sending a 200 response (2 bytes)
2024-10-26 16:52:05.927 W-05  Received a PUT request for /data/rdd_1729975925877/C/5ea80134-eb53-4e75-8ba4-e5cfa930e1a7 (on host 'default')
2024-10-26 16:52:05.927 W-05    Sending a 200 response (2 bytes)
2024-10-26 16:52:05.929 W-05  Received a PUT request for /data/rdd_1729975925877/C/14c136c6-15e4-4ff0-b579-1266958d33b5 (on host 'default')
2024-10-26 16:52:05.929 W-05    Sending a 200 response (2 bytes)
2024-10-26 16:52:05.929 W-00    Sending a 200 response (2 bytes)
2024-10-26 16:52:05.935 W-00  Received a POST request for /rdd/foldByKey?inputTable=rdd_1729975925877&outputTable=rdd_1729975925932&kvsWorker=127.0.0.1:8001&kvsCoordinator=localhost:8000&startKey=ijdvx&zeroElement=0 (on host 'default')
2024-10-26 16:52:05.934 W-00  Received a POST request for /rdd/foldByKey?inputTable=rdd_1729975925877&outputTable=rdd_1729975925932&kvsWorker=127.0.0.1:8001&kvsCoordinator=localhost:8000&endKey=ijdvx&zeroElement=0 (on host 'default')
2024-10-26 16:52:05.938 W-02  Received a GET request for /workers (on host 'default')
2024-10-26 16:52:05.938 W-03  Received a GET request for /workers (on host 'default')
2024-10-26 16:52:05.938 W-02    Sending a 200 response (23 bytes)
2024-10-26 16:52:05.938 W-03    Sending a 200 response (23 bytes)
2024-10-26 16:52:05.941 W-15  Received a GET request for /data/rdd_1729975925877?startRow=ijdvx (on host 'default')
2024-10-26 16:52:05.941 W-14  Received a GET request for /data/rdd_1729975925877?endRowExclusive=ijdvx (on host 'default')
2024-10-26 16:52:05.942 W-00    Sending a 200 response (2 bytes)
2024-10-26 16:52:05.947 W-05  Received a PUT request for /data/rdd_1729975925932/A/value (on host 'default')
2024-10-26 16:52:05.947 W-05    Sending a 200 response (2 bytes)
2024-10-26 16:52:05.949 W-05  Received a PUT request for /data/rdd_1729975925932/B/value (on host 'default')
2024-10-26 16:52:05.949 W-05    Sending a 200 response (2 bytes)
2024-10-26 16:52:05.950 W-05  Received a PUT request for /data/rdd_1729975925932/C/value (on host 'default')
2024-10-26 16:52:05.951 W-05    Sending a 200 response (2 bytes)
2024-10-26 16:52:05.951 W-00    Sending a 200 response (2 bytes)
2024-10-26 16:52:05.953 W-16  Received a GET request for /data/rdd_1729975925932?endRowExclusive=ijdvx (on host 'default')
2024-10-26 16:52:05.956 W-17  Received a GET request for /data/rdd_1729975925932?startRow=ijdvx (on host 'default')
2024-10-26 16:52:05.957 W-06    Sending a 200 response (20 bytes)
2024-10-26 16:52:12.689 W-00  Received a GET request for /ping?id=ijdvx&port=8001 (on host 'default')
2024-10-26 16:52:12.690 W-00    Sending a 200 response (2 bytes)
2024-10-26 16:52:13.498 W-00  Received a GET request for /ping?id=9001&port=9001 (on host 'default')
2024-10-26 16:52:13.498 W-00    Sending a 200 response (2 bytes)
2024-10-26 16:52:13.933 W-01  Received a GET request for /ping?id=9002&port=9002 (on host 'default')
2024-10-26 16:52:13.933 W-01    Sending a 200 response (2 bytes)
2024-10-29 16:56:21.655 main  Webserver (v1.7 Dec 31 2022) starting on port 8000
2024-10-29 16:56:22.169 main  Webserver (v1.7 Dec 31 2022) starting on port 8001
2024-10-29 16:56:22.832 main  Flame coordinator (v1.5 Jan 1 2023) starting on port 9000
2024-10-29 16:56:22.848 main  Webserver (v1.7 Dec 31 2022) starting on port 9000
2024-10-29 16:56:23.493 main  Webserver (v1.7 Dec 31 2022) starting on port 9001
2024-10-29 16:56:23.529 W-00  Received a GET request for /ping?id=9001&port=9001 (on host 'default')
2024-10-29 16:56:23.539 W-00    Sending a 200 response (2 bytes)
2024-10-29 16:56:23.962 main  Webserver (v1.7 Dec 31 2022) starting on port 9002
2024-10-29 16:56:23.992 W-04  Received a GET request for /ping?id=9002&port=9002 (on host 'default')
2024-10-29 16:56:23.992 W-04    Sending a 200 response (2 bytes)
2024-10-29 16:56:26.512 W-01  Received a POST request for /submit?class=cis5550.test.FlameOutput&arg1=bCkMWYxmS&arg2=RhlB3vw4j&arg3=ghRfVA&arg4=Y3TiyU8er (on host 'default')
2024-10-29 16:56:26.513 W-01  New job submitted; main class is cis5550.test.FlameOutput
2024-10-29 16:56:26.528 W-01  Received a POST request for /useJAR (on host 'default')
2024-10-29 16:56:26.528 W-00  Received a POST request for /useJAR (on host 'default')
2024-10-29 16:56:26.533 W-01    Sending a 200 response (2 bytes)
2024-10-29 16:56:26.533 W-00    Sending a 200 response (2 bytes)
2024-10-29 16:56:26.544 W-01    Sending a 200 response (67 bytes)
2024-10-29 16:56:26.552 W-05  Received a POST request for /submit?class=cis5550.test.FlameCollect&arg1=DNrvsw&arg2=V4MQpFY&arg3=jNsMKHH&arg4=zAEeQIYbG&arg5=T8NpbSjtA&arg6=Th7JYw&arg7=F052Hxo&arg8=OINryF&arg9=pzTwE0K7mN&arg10=n8GsztGw&arg11=nWEwuueX&arg12=AQ8SjW7&arg13=Z48t55&arg14=1soMh&arg15=eKBN0j&arg16=Eq9s77J&arg17=bfvvYfw&arg18=9kkejIa&arg19=imByJ5m&arg20=WqVNLr&arg21=C2MeL2MJeg&arg22=n1Puhv&arg23=YNdly&arg24=mTJSkzfl&arg25=cpaKtw&arg26=Cx5C0kY&arg27=o8A3lWZv39&arg28=qgp1O&arg29=KMDL7&arg30=fzChX4R&arg31=n6xGw62c&arg32=8iga9KjS&arg33=UuHUtQuS&arg34=5hq5Grwm&arg35=5hq5Grwm&arg36=9kkejIa&arg37=OINryF&arg38=pzTwE0K7mN&arg39=9kkejIa&arg40=1soMh&arg41=Eq9s77J&arg42=Th7JYw&arg43=jNsMKHH&arg44=Th7JYw (on host 'default')
2024-10-29 16:56:26.552 W-05  New job submitted; main class is cis5550.test.FlameCollect
2024-10-29 16:56:26.554 W-00  Received a POST request for /useJAR (on host 'default')
2024-10-29 16:56:26.554 W-01  Received a POST request for /useJAR (on host 'default')
2024-10-29 16:56:26.555 W-01    Sending a 200 response (2 bytes)
2024-10-29 16:56:26.555 W-00    Sending a 200 response (2 bytes)
2024-10-29 16:56:26.647 W-01  Received a GET request for /workers (on host 'default')
2024-10-29 16:56:26.651 W-01    Sending a 200 response (2 bytes)
2024-10-29 16:56:26.653 W-05  ERROR: The job threw an exception, which was:
java.io.IOException: No active KVS workers
	at cis5550.kvs.KVSClient.downloadWorkers(KVSClient.java:174)
	at cis5550.kvs.KVSClient.put(KVSClient.java:235)
	at cis5550.kvs.KVSClient.put(KVSClient.java:249)
	at cis5550.flame.FlameContextImpl.parallelize(FlameContextImpl.java:42)
	at cis5550.test.FlameCollect.run(FlameCollect.java:12)
	at java.base/jdk.internal.reflect.DirectMethodHandleAccessor.invoke(DirectMethodHandleAccessor.java:103)
	at java.base/java.lang.reflect.Method.invoke(Method.java:580)
	at cis5550.tools.Loader.invokeRunMethod(Loader.java:14)
	at cis5550.flame.Coordinator.lambda$1(Coordinator.java:115)
	at cis5550.webserver.Server.workerThread(Server.java:315)
	at cis5550.webserver.Server$1.run(Server.java:483)
2024-10-29 16:56:26.653 W-05    Sending a 500 response (744 bytes)
2024-10-29 16:56:32.222 W-00  Received a GET request for /ping?id=ijdvx&port=8001 (on host 'default')
2024-10-29 16:56:32.223 W-00    Sending a 200 response (2 bytes)
2024-10-29 16:56:33.595 W-00  Received a GET request for /ping?id=9001&port=9001 (on host 'default')
2024-10-29 16:56:33.596 W-00    Sending a 200 response (2 bytes)
2024-10-29 16:56:34.006 W-04  Received a GET request for /ping?id=9002&port=9002 (on host 'default')
2024-10-29 16:56:34.006 W-04    Sending a 200 response (2 bytes)
2024-10-29 16:56:42.227 W-00  Received a GET request for /ping?id=ijdvx&port=8001 (on host 'default')
2024-10-29 16:56:42.227 W-00    Sending a 200 response (2 bytes)
2024-10-29 16:56:43.601 W-00  Received a GET request for /ping?id=9001&port=9001 (on host 'default')
2024-10-29 16:56:43.601 W-00    Sending a 200 response (2 bytes)
2024-10-29 16:56:44.023 W-04  Received a GET request for /ping?id=9002&port=9002 (on host 'default')
2024-10-29 16:56:44.023 W-04    Sending a 200 response (2 bytes)
2024-10-29 16:57:16.436 main  Webserver (v1.7 Dec 31 2022) starting on port 8000
2024-10-29 16:57:16.963 main  Webserver (v1.7 Dec 31 2022) starting on port 8001
2024-10-29 16:57:17.005 W-01  Received a GET request for /ping?id=ijdvx&port=8001 (on host 'default')
2024-10-29 16:57:17.015 W-01    Sending a 200 response (2 bytes)
2024-10-29 16:57:17.451 main  Flame coordinator (v1.5 Jan 1 2023) starting on port 9000
2024-10-29 16:57:17.466 main  Webserver (v1.7 Dec 31 2022) starting on port 9000
2024-10-29 16:57:17.961 main  Webserver (v1.7 Dec 31 2022) starting on port 9001
2024-10-29 16:57:17.986 W-00  Received a GET request for /ping?id=9001&port=9001 (on host 'default')
2024-10-29 16:57:17.996 W-00    Sending a 200 response (2 bytes)
2024-10-29 16:57:18.421 main  Webserver (v1.7 Dec 31 2022) starting on port 9002
2024-10-29 16:57:18.446 W-01  Received a GET request for /ping?id=9002&port=9002 (on host 'default')
2024-10-29 16:57:18.446 W-01    Sending a 200 response (2 bytes)
2024-10-29 16:57:21.039 W-03  Received a POST request for /submit?class=cis5550.test.FlameOutput&arg1=P4hUu&arg2=pxLqzs&arg3=yfsgaXt&arg4=qeeTJ42&arg5=VcDCK5uaGe&arg6=FRHl0Xb&arg7=GdwLmBG (on host 'default')
2024-10-29 16:57:21.040 W-03  New job submitted; main class is cis5550.test.FlameOutput
2024-10-29 16:57:21.053 W-00  Received a POST request for /useJAR (on host 'default')
2024-10-29 16:57:21.053 W-01  Received a POST request for /useJAR (on host 'default')
2024-10-29 16:57:21.059 W-01    Sending a 200 response (2 bytes)
2024-10-29 16:57:21.059 W-00    Sending a 200 response (2 bytes)
2024-10-29 16:57:21.065 W-03    Sending a 200 response (86 bytes)
2024-10-29 16:57:21.072 W-02  Received a POST request for /submit?class=cis5550.test.FlameCollect&arg1=Q3C7HKVWT&arg2=D5MAV&arg3=thoB3s&arg4=ny8yqe0psJ&arg5=23jgun7Vd&arg6=WjNfpWH1&arg7=rxf7ZSWyB3&arg8=e3PokA&arg9=l7fpHvmRc8&arg10=x8Db7S&arg11=IkzX3i&arg12=NDuqB&arg13=Lkyq9L&arg14=z9zfxZUQDE&arg15=6Ove31Rf&arg16=i5bopTM&arg17=Hj2BHXx&arg18=gG0JWDShj&arg19=3ACaS&arg20=5tej9&arg21=CcL9Ra5y&arg22=gXNIzH&arg23=8r0PpWCWhF&arg24=KSktm&arg25=K0N61&arg26=TD4IS59Q&arg27=y2qNCD&arg28=cImzwXSm&arg29=SQdzGO&arg30=i7JzhMTeX&arg31=e3YQAexkaT&arg32=fqB2OC&arg33=c5vLqNd&arg34=xHdmQon&arg35=WQ5HMJ3y&arg36=lh2sRA5f9&arg37=g6B6zGuMTP&arg38=c9udV722M&arg39=UeqeswaX&arg40=NcdjR1TAzu&arg41=PAWteHwp1&arg42=1IyNRR&arg43=WQ5HMJ3y&arg44=1IyNRR&arg45=e3YQAexkaT&arg46=TD4IS59Q&arg47=y2qNCD&arg48=TD4IS59Q&arg49=gXNIzH&arg50=Hj2BHXx&arg51=Q3C7HKVWT&arg52=ny8yqe0psJ (on host 'default')
2024-10-29 16:57:21.072 W-02  New job submitted; main class is cis5550.test.FlameCollect
2024-10-29 16:57:21.074 W-00  Received a POST request for /useJAR (on host 'default')
2024-10-29 16:57:21.074 W-01  Received a POST request for /useJAR (on host 'default')
2024-10-29 16:57:21.075 W-00    Sending a 200 response (2 bytes)
2024-10-29 16:57:21.075 W-01    Sending a 200 response (2 bytes)
2024-10-29 16:57:21.125 W-02  Received a GET request for /workers (on host 'default')
2024-10-29 16:57:21.131 W-02    Sending a 200 response (23 bytes)
2024-10-29 16:57:21.142 W-00  Received a PUT request for /data/table_1730235441077/e8489661-a406-4927-a040-567cf7e9b08b/value (on host 'default')
2024-10-29 16:57:21.157 W-00    Sending a 200 response (2 bytes)
2024-10-29 16:57:21.160 W-00  Received a PUT request for /data/table_1730235441077/7b6fdafe-5189-45ca-9abc-8da8385796e5/value (on host 'default')
2024-10-29 16:57:21.161 W-00    Sending a 200 response (2 bytes)
2024-10-29 16:57:21.163 W-00  Received a PUT request for /data/table_1730235441077/db8d89b2-89cb-4129-bc69-adaa1336c9e7/value (on host 'default')
2024-10-29 16:57:21.163 W-00    Sending a 200 response (2 bytes)
2024-10-29 16:57:21.165 W-00  Received a PUT request for /data/table_1730235441077/523c3109-ce40-43e2-855f-19089da51953/value (on host 'default')
2024-10-29 16:57:21.165 W-00    Sending a 200 response (2 bytes)
2024-10-29 16:57:21.167 W-00  Received a PUT request for /data/table_1730235441077/da17335e-11ad-4f48-b3b7-1654ebced9b9/value (on host 'default')
2024-10-29 16:57:21.167 W-00    Sending a 200 response (2 bytes)
2024-10-29 16:57:21.169 W-00  Received a PUT request for /data/table_1730235441077/77547b68-5d81-4000-a3e4-96c5ed9a3259/value (on host 'default')
2024-10-29 16:57:21.170 W-00    Sending a 200 response (2 bytes)
2024-10-29 16:57:21.172 W-00  Received a PUT request for /data/table_1730235441077/fb12532a-1478-485f-96fa-7b637bb962fc/value (on host 'default')
2024-10-29 16:57:21.172 W-00    Sending a 200 response (2 bytes)
2024-10-29 16:57:21.174 W-00  Received a PUT request for /data/table_1730235441077/8fc766aa-45c4-4aa9-b406-825266abbb9e/value (on host 'default')
2024-10-29 16:57:21.174 W-00    Sending a 200 response (2 bytes)
2024-10-29 16:57:21.176 W-00  Received a PUT request for /data/table_1730235441077/3189a75d-e061-4f26-a3f8-16c14bfe6b6a/value (on host 'default')
2024-10-29 16:57:21.176 W-00    Sending a 200 response (2 bytes)
2024-10-29 16:57:21.178 W-00  Received a PUT request for /data/table_1730235441077/3aed289a-e5c6-4732-b84e-acc70330a763/value (on host 'default')
2024-10-29 16:57:21.178 W-00    Sending a 200 response (2 bytes)
2024-10-29 16:57:21.180 W-00  Received a PUT request for /data/table_1730235441077/8f50796f-d6ab-4965-bee4-db7419478e6a/value (on host 'default')
2024-10-29 16:57:21.180 W-00    Sending a 200 response (2 bytes)
2024-10-29 16:57:21.182 W-00  Received a PUT request for /data/table_1730235441077/aaa7ea01-a06d-4bb5-9d0c-e7f85acff598/value (on host 'default')
2024-10-29 16:57:21.182 W-00    Sending a 200 response (2 bytes)
2024-10-29 16:57:21.184 W-00  Received a PUT request for /data/table_1730235441077/f68b6ee6-8159-483e-ad52-d508d00cc3f6/value (on host 'default')
2024-10-29 16:57:21.184 W-00    Sending a 200 response (2 bytes)
2024-10-29 16:57:21.186 W-00  Received a PUT request for /data/table_1730235441077/4ac4daf8-bde0-4ac6-87fa-d8015104c121/value (on host 'default')
2024-10-29 16:57:21.186 W-00    Sending a 200 response (2 bytes)
2024-10-29 16:57:21.189 W-00  Received a PUT request for /data/table_1730235441077/69358d44-91dd-49a3-8ea4-b3b652c30711/value (on host 'default')
2024-10-29 16:57:21.189 W-00    Sending a 200 response (2 bytes)
2024-10-29 16:57:21.191 W-00  Received a PUT request for /data/table_1730235441077/12a91fc3-4428-4b2e-818e-dadc48b0ef12/value (on host 'default')
2024-10-29 16:57:21.191 W-00    Sending a 200 response (2 bytes)
2024-10-29 16:57:21.192 W-00  Received a PUT request for /data/table_1730235441077/44ee77a8-3972-4b30-ac4a-d71a85f20dd3/value (on host 'default')
2024-10-29 16:57:21.193 W-00    Sending a 200 response (2 bytes)
2024-10-29 16:57:21.194 W-00  Received a PUT request for /data/table_1730235441077/59164f74-b25d-4332-ab6d-7a6077ff039c/value (on host 'default')
2024-10-29 16:57:21.194 W-00    Sending a 200 response (2 bytes)
2024-10-29 16:57:21.195 W-00  Received a PUT request for /data/table_1730235441077/16162c73-c75b-4388-a486-73cda92657de/value (on host 'default')
2024-10-29 16:57:21.195 W-00    Sending a 200 response (2 bytes)
2024-10-29 16:57:21.196 W-00  Received a PUT request for /data/table_1730235441077/23e9cf41-d071-4176-af16-31d7e6c44651/value (on host 'default')
2024-10-29 16:57:21.196 W-00    Sending a 200 response (2 bytes)
2024-10-29 16:57:21.197 W-00  Received a PUT request for /data/table_1730235441077/01bd6816-ba5a-411e-bb6d-9cdc405ada51/value (on host 'default')
2024-10-29 16:57:21.197 W-00    Sending a 200 response (2 bytes)
2024-10-29 16:57:21.198 W-00  Received a PUT request for /data/table_1730235441077/daa3bfeb-3d7c-4649-b546-0bc67616733b/value (on host 'default')
2024-10-29 16:57:21.199 W-00    Sending a 200 response (2 bytes)
2024-10-29 16:57:21.200 W-00  Received a PUT request for /data/table_1730235441077/ff76642f-8f3e-4597-8bd9-32a9ccdfcf6f/value (on host 'default')
2024-10-29 16:57:21.200 W-00    Sending a 200 response (2 bytes)
2024-10-29 16:57:21.201 W-00  Received a PUT request for /data/table_1730235441077/e12c81a0-110d-43d6-8a03-6311cf062d9e/value (on host 'default')
2024-10-29 16:57:21.201 W-00    Sending a 200 response (2 bytes)
2024-10-29 16:57:21.202 W-00  Received a PUT request for /data/table_1730235441077/9204191d-f81e-469f-846b-763e3846c8b0/value (on host 'default')
2024-10-29 16:57:21.202 W-00    Sending a 200 response (2 bytes)
2024-10-29 16:57:21.203 W-00  Received a PUT request for /data/table_1730235441077/b13d5f80-52bf-402e-b28c-14c4a7c0bdaa/value (on host 'default')
2024-10-29 16:57:21.203 W-00    Sending a 200 response (2 bytes)
2024-10-29 16:57:21.204 W-00  Received a PUT request for /data/table_1730235441077/83026ace-a6a7-43a4-90e9-e9dfd063f338/value (on host 'default')
2024-10-29 16:57:21.205 W-00    Sending a 200 response (2 bytes)
2024-10-29 16:57:21.206 W-00  Received a PUT request for /data/table_1730235441077/d0dc4173-01c7-41de-aacb-74115512f98b/value (on host 'default')
2024-10-29 16:57:21.206 W-00    Sending a 200 response (2 bytes)
2024-10-29 16:57:21.207 W-00  Received a PUT request for /data/table_1730235441077/b5c2d188-7b13-4a4f-8401-e870115d9f84/value (on host 'default')
2024-10-29 16:57:21.207 W-00    Sending a 200 response (2 bytes)
2024-10-29 16:57:21.208 W-00  Received a PUT request for /data/table_1730235441077/6e76b683-5aa3-41ab-a290-4410f1806901/value (on host 'default')
2024-10-29 16:57:21.208 W-00    Sending a 200 response (2 bytes)
2024-10-29 16:57:21.209 W-00  Received a PUT request for /data/table_1730235441077/9cc2304e-b924-4ec3-8497-0e7ceb5c3faf/value (on host 'default')
2024-10-29 16:57:21.209 W-00    Sending a 200 response (2 bytes)
2024-10-29 16:57:21.210 W-00  Received a PUT request for /data/table_1730235441077/2c50ea56-dc92-4cf5-b8ca-da061a018c39/value (on host 'default')
2024-10-29 16:57:21.210 W-00    Sending a 200 response (2 bytes)
2024-10-29 16:57:21.211 W-00  Received a PUT request for /data/table_1730235441077/d30dda45-78f6-4a63-b1ea-9da72fe7c110/value (on host 'default')
2024-10-29 16:57:21.211 W-00    Sending a 200 response (2 bytes)
2024-10-29 16:57:21.212 W-00  Received a PUT request for /data/table_1730235441077/5c0e8fe9-71e2-45c2-8765-af9a1dcf895e/value (on host 'default')
2024-10-29 16:57:21.213 W-00    Sending a 200 response (2 bytes)
2024-10-29 16:57:21.214 W-00  Received a PUT request for /data/table_1730235441077/fbc83fe7-3f4f-4cc9-9f97-ada1b631e9c3/value (on host 'default')
2024-10-29 16:57:21.214 W-00    Sending a 200 response (2 bytes)
2024-10-29 16:57:21.215 W-00  Received a PUT request for /data/table_1730235441077/33b5e0c4-037a-4c84-88b5-ee8273250b3b/value (on host 'default')
2024-10-29 16:57:21.215 W-00    Sending a 200 response (2 bytes)
2024-10-29 16:57:21.216 W-00  Received a PUT request for /data/table_1730235441077/750e325f-4f6c-4e50-907b-ac4074c31519/value (on host 'default')
2024-10-29 16:57:21.216 W-00    Sending a 200 response (2 bytes)
2024-10-29 16:57:21.217 W-00  Received a PUT request for /data/table_1730235441077/244cd751-1060-43ee-9f98-97f3d0b0dd75/value (on host 'default')
2024-10-29 16:57:21.217 W-00    Sending a 200 response (2 bytes)
2024-10-29 16:57:21.218 W-00  Received a PUT request for /data/table_1730235441077/465bf7ae-ea99-40c0-80bf-0f2163475dff/value (on host 'default')
2024-10-29 16:57:21.218 W-00    Sending a 200 response (2 bytes)
2024-10-29 16:57:21.219 W-00  Received a PUT request for /data/table_1730235441077/d6a0d328-f607-41cb-ac59-c4f1b455d6ce/value (on host 'default')
2024-10-29 16:57:21.219 W-00    Sending a 200 response (2 bytes)
2024-10-29 16:57:21.220 W-00  Received a PUT request for /data/table_1730235441077/0a9d875c-f951-49dc-9c60-7c2f76aa7728/value (on host 'default')
2024-10-29 16:57:21.220 W-00    Sending a 200 response (2 bytes)
2024-10-29 16:57:21.222 W-00  Received a PUT request for /data/table_1730235441077/47e1269b-a665-4d8e-92a4-f909fc1520a4/value (on host 'default')
2024-10-29 16:57:21.222 W-00    Sending a 200 response (2 bytes)
2024-10-29 16:57:21.223 W-00  Received a PUT request for /data/table_1730235441077/74336e6a-7d96-4ce6-b16e-34ea3c0a489d/value (on host 'default')
2024-10-29 16:57:21.223 W-00    Sending a 200 response (2 bytes)
2024-10-29 16:57:21.224 W-00  Received a PUT request for /data/table_1730235441077/c82809e2-bed6-4649-b464-53d17a37eb52/value (on host 'default')
2024-10-29 16:57:21.224 W-00    Sending a 200 response (2 bytes)
2024-10-29 16:57:21.225 W-00  Received a PUT request for /data/table_1730235441077/4d531c32-c9e1-4611-b14b-d286369607c3/value (on host 'default')
2024-10-29 16:57:21.225 W-00    Sending a 200 response (2 bytes)
2024-10-29 16:57:21.226 W-00  Received a PUT request for /data/table_1730235441077/41456dc6-674b-42af-a85e-b523a36b42e2/value (on host 'default')
2024-10-29 16:57:21.226 W-00    Sending a 200 response (2 bytes)
2024-10-29 16:57:21.227 W-00  Received a PUT request for /data/table_1730235441077/dc8f0eb6-70b6-474a-8327-5f7d3afac9ba/value (on host 'default')
2024-10-29 16:57:21.227 W-00    Sending a 200 response (2 bytes)
2024-10-29 16:57:21.228 W-00  Received a PUT request for /data/table_1730235441077/b3c69bed-7939-4ff6-b346-350eb3778b17/value (on host 'default')
2024-10-29 16:57:21.228 W-00    Sending a 200 response (2 bytes)
2024-10-29 16:57:21.229 W-00  Received a PUT request for /data/table_1730235441077/245acd89-833a-46d4-9817-117e7fddf4af/value (on host 'default')
2024-10-29 16:57:21.229 W-00    Sending a 200 response (2 bytes)
2024-10-29 16:57:21.230 W-00  Received a PUT request for /data/table_1730235441077/d033bdc8-4468-4079-9534-ecc96310fa3a/value (on host 'default')
2024-10-29 16:57:21.230 W-00    Sending a 200 response (2 bytes)
2024-10-29 16:57:21.231 W-00  Received a PUT request for /data/table_1730235441077/0cbc6ce8-c6ef-481d-858c-2d17c581a320/value (on host 'default')
2024-10-29 16:57:21.231 W-00    Sending a 200 response (2 bytes)
2024-10-29 16:57:21.232 W-00  Received a PUT request for /data/table_1730235441077/2275922c-8e7d-43fc-a8ea-c386d0abbcb8/value (on host 'default')
2024-10-29 16:57:21.232 W-00    Sending a 200 response (2 bytes)
2024-10-29 16:57:21.253 W-01  Received a GET request for /data/table_1730235441077?endRowExclusive=ijdvx (on host 'default')
2024-10-29 16:57:21.264 W-02  Received a GET request for /data/table_1730235441077?startRow=ijdvx (on host 'default')
2024-10-29 16:57:21.266 W-02    Sending a 200 response (446 bytes)
2024-10-29 16:57:21.275 W-04  Received a POST request for /submit?class=cis5550.test.FlameFlatMap&arg1=fig&arg2=banana+fig+elderberry+coconut+date+coconut&arg3=fig+date+banana&arg4=fig+fig+coconut+elderberry&arg5=guava+guava&arg6=date+apple+elderberry+coconut+banana (on host 'default')
2024-10-29 16:57:21.276 W-04  New job submitted; main class is cis5550.test.FlameFlatMap
2024-10-29 16:57:21.278 W-00  Received a POST request for /useJAR (on host 'default')
2024-10-29 16:57:21.278 W-01  Received a POST request for /useJAR (on host 'default')
2024-10-29 16:57:21.280 W-01    Sending a 200 response (2 bytes)
2024-10-29 16:57:21.280 W-00    Sending a 200 response (2 bytes)
2024-10-29 16:57:21.291 W-00  Received a PUT request for /data/table_1730235441290/ac57994d-1c3b-43cc-a1aa-2654e589e3d5/value (on host 'default')
2024-10-29 16:57:21.291 W-00    Sending a 200 response (2 bytes)
2024-10-29 16:57:21.293 W-00  Received a PUT request for /data/table_1730235441290/149a54be-7e49-4ff0-a491-15f51a383502/value (on host 'default')
2024-10-29 16:57:21.293 W-00    Sending a 200 response (2 bytes)
2024-10-29 16:57:21.295 W-00  Received a PUT request for /data/table_1730235441290/12b86740-fdc3-4d29-baca-5b048a37a327/value (on host 'default')
2024-10-29 16:57:21.295 W-00    Sending a 200 response (2 bytes)
2024-10-29 16:57:21.297 W-00  Received a PUT request for /data/table_1730235441290/e50e601f-7d5b-4cf4-a9fa-4a3045e55203/value (on host 'default')
2024-10-29 16:57:21.297 W-00    Sending a 200 response (2 bytes)
2024-10-29 16:57:21.299 W-00  Received a PUT request for /data/table_1730235441290/a9822045-86b2-47e4-a56d-da40d06adf39/value (on host 'default')
2024-10-29 16:57:21.299 W-00    Sending a 200 response (2 bytes)
2024-10-29 16:57:21.301 W-00  Received a PUT request for /data/table_1730235441290/7d317c74-1f45-4462-80a7-d26744e706d8/value (on host 'default')
2024-10-29 16:57:21.301 W-00    Sending a 200 response (2 bytes)
2024-10-29 16:57:21.328 W-01  Received a POST request for /rdd/flatMap?inputTable=table_1730235441290&outputTable=rdd_1730235441323&kvsWorker=127.0.0.1:8001&kvsCoordinator=localhost:8000&endKey=ijdvx (on host 'default')
2024-10-29 16:57:21.328 W-00  Received a POST request for /rdd/flatMap?inputTable=table_1730235441290&outputTable=rdd_1730235441323&kvsWorker=127.0.0.1:8001&kvsCoordinator=localhost:8000&startKey=ijdvx (on host 'default')
2024-10-29 16:57:21.355 W-00  Received a GET request for /workers (on host 'default')
2024-10-29 16:57:21.355 W-03  Received a GET request for /workers (on host 'default')
2024-10-29 16:57:21.355 W-00    Sending a 200 response (23 bytes)
2024-10-29 16:57:21.355 W-03    Sending a 200 response (23 bytes)
2024-10-29 16:57:21.364 W-03  Received a GET request for /data/table_1730235441290?endRowExclusive=ijdvx (on host 'default')
2024-10-29 16:57:21.364 W-04  Received a GET request for /data/table_1730235441290?startRow=ijdvx (on host 'default')
2024-10-29 16:57:21.365 W-00    Sending a 200 response (2 bytes)
2024-10-29 16:57:21.431 W-06  Received a PUT request for /data/rdd_1730235441323/0a945b69-bf79-4e5e-a8f7-cc28f2ce338e/value (on host 'default')
2024-10-29 16:57:21.431 W-06    Sending a 200 response (2 bytes)
2024-10-29 16:57:21.434 W-06  Received a PUT request for /data/rdd_1730235441323/4d57d5ea-a43d-4f0b-8923-f26a78e0b869/value (on host 'default')
2024-10-29 16:57:21.434 W-06    Sending a 200 response (2 bytes)
2024-10-29 16:57:21.436 W-06  Received a PUT request for /data/rdd_1730235441323/be0162f0-e345-491e-961d-d2f0cfd3996c/value (on host 'default')
2024-10-29 16:57:21.436 W-06    Sending a 200 response (2 bytes)
2024-10-29 16:57:21.438 W-06  Received a PUT request for /data/rdd_1730235441323/475a9da3-4853-479f-83c4-dad8714905e8/value (on host 'default')
2024-10-29 16:57:21.438 W-06    Sending a 200 response (2 bytes)
2024-10-29 16:57:21.440 W-06  Received a PUT request for /data/rdd_1730235441323/b477027e-d38a-439d-828a-8e1af280284a/value (on host 'default')
2024-10-29 16:57:21.441 W-06    Sending a 200 response (2 bytes)
2024-10-29 16:57:21.443 W-06  Received a PUT request for /data/rdd_1730235441323/887540d0-98c7-4201-b47b-02b62da4cb0b/value (on host 'default')
2024-10-29 16:57:21.443 W-06    Sending a 200 response (2 bytes)
2024-10-29 16:57:21.445 W-06  Received a PUT request for /data/rdd_1730235441323/231b39fc-283d-43c1-a4ea-5e2d8eaaa814/value (on host 'default')
2024-10-29 16:57:21.445 W-06    Sending a 200 response (2 bytes)
2024-10-29 16:57:21.448 W-06  Received a PUT request for /data/rdd_1730235441323/6b569aa9-06d1-48da-a659-3a61a57d70d1/value (on host 'default')
2024-10-29 16:57:21.448 W-06    Sending a 200 response (2 bytes)
2024-10-29 16:57:21.449 W-06  Received a PUT request for /data/rdd_1730235441323/0015e34d-0147-478c-b093-e47ae52612cb/value (on host 'default')
2024-10-29 16:57:21.449 W-06    Sending a 200 response (2 bytes)
2024-10-29 16:57:21.451 W-06  Received a PUT request for /data/rdd_1730235441323/605fa08a-d933-48e3-95f8-bbe5c8753713/value (on host 'default')
2024-10-29 16:57:21.451 W-06    Sending a 200 response (2 bytes)
2024-10-29 16:57:21.452 W-06  Received a PUT request for /data/rdd_1730235441323/452975bf-38e1-4f1f-aef4-457775b384c4/value (on host 'default')
2024-10-29 16:57:21.452 W-06    Sending a 200 response (2 bytes)
2024-10-29 16:57:21.453 W-06  Received a PUT request for /data/rdd_1730235441323/ba7bc4dd-421b-4744-bc90-dc22bb77260a/value (on host 'default')
2024-10-29 16:57:21.453 W-06    Sending a 200 response (2 bytes)
2024-10-29 16:57:21.454 W-06  Received a PUT request for /data/rdd_1730235441323/d44899ca-5e02-40df-b503-e1afcbe4fecb/value (on host 'default')
2024-10-29 16:57:21.454 W-06    Sending a 200 response (2 bytes)
2024-10-29 16:57:21.455 W-06  Received a PUT request for /data/rdd_1730235441323/f462538f-1eef-402d-b147-7e5ba32a31fe/value (on host 'default')
2024-10-29 16:57:21.456 W-06    Sending a 200 response (2 bytes)
2024-10-29 16:57:21.457 W-06  Received a PUT request for /data/rdd_1730235441323/689fe074-2668-4c36-9a38-a2ecf8db20c5/value (on host 'default')
2024-10-29 16:57:21.457 W-06    Sending a 200 response (2 bytes)
2024-10-29 16:57:21.458 W-06  Received a PUT request for /data/rdd_1730235441323/dc8557aa-aee8-4066-b086-71d516de7392/value (on host 'default')
2024-10-29 16:57:21.458 W-06    Sending a 200 response (2 bytes)
2024-10-29 16:57:21.459 W-06  Received a PUT request for /data/rdd_1730235441323/2e2573e4-0294-461a-9bcd-eae60109757c/value (on host 'default')
2024-10-29 16:57:21.459 W-06    Sending a 200 response (2 bytes)
2024-10-29 16:57:21.461 W-06  Received a PUT request for /data/rdd_1730235441323/fb783948-c4fb-4890-8460-5f204bcf64b0/value (on host 'default')
2024-10-29 16:57:21.461 W-06    Sending a 200 response (2 bytes)
2024-10-29 16:57:21.462 W-06  Received a PUT request for /data/rdd_1730235441323/5d36311a-cd7b-452e-bce7-f16879b6a280/value (on host 'default')
2024-10-29 16:57:21.462 W-06    Sending a 200 response (2 bytes)
2024-10-29 16:57:21.463 W-06  Received a PUT request for /data/rdd_1730235441323/a23d0ea2-f853-430b-b4e4-5cd10390fed5/value (on host 'default')
2024-10-29 16:57:21.463 W-06    Sending a 200 response (2 bytes)
2024-10-29 16:57:21.464 W-06  Received a PUT request for /data/rdd_1730235441323/c655522b-3028-4b95-904c-f177a1f36eb9/value (on host 'default')
2024-10-29 16:57:21.464 W-06    Sending a 200 response (2 bytes)
2024-10-29 16:57:21.464 W-01    Sending a 200 response (2 bytes)
2024-10-29 16:57:21.466 W-05  Received a GET request for /data/rdd_1730235441323?endRowExclusive=ijdvx (on host 'default')
2024-10-29 16:57:21.469 W-08  Received a GET request for /data/rdd_1730235441323?startRow=ijdvx (on host 'default')
2024-10-29 16:57:21.470 W-04    Sending a 200 response (138 bytes)
2024-10-29 16:57:21.484 W-05  Received a POST request for /submit?class=cis5550.test.FlameMapToPair&arg1=chestnut&arg2=coconut&arg3=cranberry&arg4=blueberry&arg5=apple&arg6=coconut&arg7=cranberry&arg8=chestnut&arg9=chestnut&arg10=acorn&arg11=chestnut&arg12=coconut&arg13=banana&arg14=banana (on host 'default')
2024-10-29 16:57:21.484 W-05  New job submitted; main class is cis5550.test.FlameMapToPair
2024-10-29 16:57:21.487 W-00  Received a POST request for /useJAR (on host 'default')
2024-10-29 16:57:21.487 W-01  Received a POST request for /useJAR (on host 'default')
2024-10-29 16:57:21.489 W-00    Sending a 200 response (2 bytes)
2024-10-29 16:57:21.489 W-01    Sending a 200 response (2 bytes)
2024-10-29 16:57:21.494 W-00  Received a PUT request for /data/table_1730235441493/23409d58-7c53-451e-89e2-c4b86381d260/value (on host 'default')
2024-10-29 16:57:21.494 W-00    Sending a 200 response (2 bytes)
2024-10-29 16:57:21.496 W-00  Received a PUT request for /data/table_1730235441493/a1cde0e0-77cc-435c-b989-6fedd6174068/value (on host 'default')
2024-10-29 16:57:21.496 W-00    Sending a 200 response (2 bytes)
2024-10-29 16:57:21.497 W-00  Received a PUT request for /data/table_1730235441493/ebd1b950-7fc1-4217-ac6c-a983b2df095a/value (on host 'default')
2024-10-29 16:57:21.497 W-00    Sending a 200 response (2 bytes)
2024-10-29 16:57:21.499 W-00  Received a PUT request for /data/table_1730235441493/15a0931b-5192-4087-8347-3fed063fd87a/value (on host 'default')
2024-10-29 16:57:21.499 W-00    Sending a 200 response (2 bytes)
2024-10-29 16:57:21.500 W-00  Received a PUT request for /data/table_1730235441493/fdd2ef87-bb94-4157-8f39-fa147c25ac74/value (on host 'default')
2024-10-29 16:57:21.500 W-00    Sending a 200 response (2 bytes)
2024-10-29 16:57:21.502 W-00  Received a PUT request for /data/table_1730235441493/e66ffb29-1305-44c9-b8f9-15a95a9105d2/value (on host 'default')
2024-10-29 16:57:21.502 W-00    Sending a 200 response (2 bytes)
2024-10-29 16:57:21.503 W-00  Received a PUT request for /data/table_1730235441493/53997a52-fdad-47ae-801c-8753b9a32c58/value (on host 'default')
2024-10-29 16:57:21.504 W-00    Sending a 200 response (2 bytes)
2024-10-29 16:57:21.505 W-00  Received a PUT request for /data/table_1730235441493/9b374f8a-2321-4d74-add9-0c924eb54935/value (on host 'default')
2024-10-29 16:57:21.505 W-00    Sending a 200 response (2 bytes)
2024-10-29 16:57:21.507 W-00  Received a PUT request for /data/table_1730235441493/bf679b8d-f625-4e94-be2d-b0ad9cf5f081/value (on host 'default')
2024-10-29 16:57:21.507 W-00    Sending a 200 response (2 bytes)
2024-10-29 16:57:21.508 W-00  Received a PUT request for /data/table_1730235441493/2448ef9c-dddf-4c9d-9cc5-46c25ffdcbf8/value (on host 'default')
2024-10-29 16:57:21.509 W-00    Sending a 200 response (2 bytes)
2024-10-29 16:57:21.510 W-00  Received a PUT request for /data/table_1730235441493/ac4695c9-9b34-44e9-9c00-d7644d5ba2df/value (on host 'default')
2024-10-29 16:57:21.510 W-00    Sending a 200 response (2 bytes)
2024-10-29 16:57:21.512 W-00  Received a PUT request for /data/table_1730235441493/ad934ae2-900e-4c3c-81e8-0b888bc4ceed/value (on host 'default')
2024-10-29 16:57:21.512 W-00    Sending a 200 response (2 bytes)
2024-10-29 16:57:21.513 W-00  Received a PUT request for /data/table_1730235441493/eb551537-f269-4515-9f09-dedce055f94a/value (on host 'default')
2024-10-29 16:57:21.513 W-00    Sending a 200 response (2 bytes)
2024-10-29 16:57:21.515 W-00  Received a PUT request for /data/table_1730235441493/e92c6b6d-9152-4952-9703-fa11f22f914d/value (on host 'default')
2024-10-29 16:57:21.515 W-00    Sending a 200 response (2 bytes)
2024-10-29 16:57:21.522 W-00  Received a POST request for /rdd/mapToPair?inputTable=table_1730235441493&outputTable=rdd_1730235441520&kvsWorker=127.0.0.1:8001&kvsCoordinator=localhost:8000&startKey=ijdvx (on host 'default')
2024-10-29 16:57:21.522 W-01  Received a POST request for /rdd/mapToPair?inputTable=table_1730235441493&outputTable=rdd_1730235441520&kvsWorker=127.0.0.1:8001&kvsCoordinator=localhost:8000&endKey=ijdvx (on host 'default')
2024-10-29 16:57:21.536 W-03  Received a GET request for /workers (on host 'default')
2024-10-29 16:57:21.536 W-00  Received a GET request for /workers (on host 'default')
2024-10-29 16:57:21.537 W-03    Sending a 200 response (23 bytes)
2024-10-29 16:57:21.537 W-00    Sending a 200 response (23 bytes)
2024-10-29 16:57:21.540 W-07  Received a GET request for /data/table_1730235441493?endRowExclusive=ijdvx (on host 'default')
2024-10-29 16:57:21.540 W-09  Received a GET request for /data/table_1730235441493?startRow=ijdvx (on host 'default')
2024-10-29 16:57:21.541 W-00    Sending a 200 response (2 bytes)
2024-10-29 16:57:21.542 W-06  Received a PUT request for /data/rdd_1730235441520/c/9b374f8a-2321-4d74-add9-0c924eb54935 (on host 'default')
2024-10-29 16:57:21.542 W-06    Sending a 200 response (2 bytes)
2024-10-29 16:57:21.544 W-06  Received a PUT request for /data/rdd_1730235441520/c/53997a52-fdad-47ae-801c-8753b9a32c58 (on host 'default')
2024-10-29 16:57:21.544 W-06    Sending a 200 response (2 bytes)
2024-10-29 16:57:21.546 W-06  Received a PUT request for /data/rdd_1730235441520/c/ebd1b950-7fc1-4217-ac6c-a983b2df095a (on host 'default')
2024-10-29 16:57:21.546 W-06    Sending a 200 response (2 bytes)
2024-10-29 16:57:21.548 W-06  Received a PUT request for /data/rdd_1730235441520/c/a1cde0e0-77cc-435c-b989-6fedd6174068 (on host 'default')
2024-10-29 16:57:21.548 W-06    Sending a 200 response (2 bytes)
2024-10-29 16:57:21.549 W-06  Received a PUT request for /data/rdd_1730235441520/b/15a0931b-5192-4087-8347-3fed063fd87a (on host 'default')
2024-10-29 16:57:21.550 W-06    Sending a 200 response (2 bytes)
2024-10-29 16:57:21.551 W-06  Received a PUT request for /data/rdd_1730235441520/b/e92c6b6d-9152-4952-9703-fa11f22f914d (on host 'default')
2024-10-29 16:57:21.551 W-06    Sending a 200 response (2 bytes)
2024-10-29 16:57:21.553 W-06  Received a PUT request for /data/rdd_1730235441520/c/e66ffb29-1305-44c9-b8f9-15a95a9105d2 (on host 'default')
2024-10-29 16:57:21.553 W-06    Sending a 200 response (2 bytes)
2024-10-29 16:57:21.554 W-06  Received a PUT request for /data/rdd_1730235441520/c/ad934ae2-900e-4c3c-81e8-0b888bc4ceed (on host 'default')
2024-10-29 16:57:21.555 W-06    Sending a 200 response (2 bytes)
2024-10-29 16:57:21.557 W-06  Received a PUT request for /data/rdd_1730235441520/c/bf679b8d-f625-4e94-be2d-b0ad9cf5f081 (on host 'default')
2024-10-29 16:57:21.557 W-06    Sending a 200 response (2 bytes)
2024-10-29 16:57:21.558 W-06  Received a PUT request for /data/rdd_1730235441520/a/2448ef9c-dddf-4c9d-9cc5-46c25ffdcbf8 (on host 'default')
2024-10-29 16:57:21.559 W-06    Sending a 200 response (2 bytes)
2024-10-29 16:57:21.560 W-06  Received a PUT request for /data/rdd_1730235441520/c/ac4695c9-9b34-44e9-9c00-d7644d5ba2df (on host 'default')
2024-10-29 16:57:21.560 W-06    Sending a 200 response (2 bytes)
2024-10-29 16:57:21.562 W-06  Received a PUT request for /data/rdd_1730235441520/a/fdd2ef87-bb94-4157-8f39-fa147c25ac74 (on host 'default')
2024-10-29 16:57:21.562 W-06    Sending a 200 response (2 bytes)
2024-10-29 16:57:21.563 W-06  Received a PUT request for /data/rdd_1730235441520/c/23409d58-7c53-451e-89e2-c4b86381d260 (on host 'default')
2024-10-29 16:57:21.563 W-06    Sending a 200 response (2 bytes)
2024-10-29 16:57:21.565 W-06  Received a PUT request for /data/rdd_1730235441520/b/eb551537-f269-4515-9f09-dedce055f94a (on host 'default')
2024-10-29 16:57:21.565 W-06    Sending a 200 response (2 bytes)
2024-10-29 16:57:21.565 W-01    Sending a 200 response (2 bytes)
2024-10-29 16:57:21.569 W-10  Received a GET request for /data/rdd_1730235441520?endRowExclusive=ijdvx (on host 'default')
2024-10-29 16:57:21.573 W-11  Received a GET request for /data/rdd_1730235441520?startRow=ijdvx (on host 'default')
2024-10-29 16:57:21.574 W-05    Sending a 200 response (157 bytes)
2024-10-29 16:57:21.604 W-06  Received a POST request for /submit?class=cis5550.test.FlameFoldByKey&arg1=A+9&arg2=B+0&arg3=C+14&arg4=B+14&arg5=A+15&arg6=A+7&arg7=A+19&arg8=A+14&arg9=C+18&arg10=B+8&arg11=A+3&arg12=A+3&arg13=B+15&arg14=B+6&arg15=B+1&arg16=C+0&arg17=B+17&arg18=C+11&arg19=A+2&arg20=C+1&arg21=A+17&arg22=B+13 (on host 'default')
2024-10-29 16:57:21.604 W-06  New job submitted; main class is cis5550.test.FlameFoldByKey
2024-10-29 16:57:21.608 W-01  Received a POST request for /useJAR (on host 'default')
2024-10-29 16:57:21.609 W-00  Received a POST request for /useJAR (on host 'default')
2024-10-29 16:57:21.610 W-01    Sending a 200 response (2 bytes)
2024-10-29 16:57:21.610 W-00    Sending a 200 response (2 bytes)
2024-10-29 16:57:21.615 W-00  Received a PUT request for /data/table_1730235441614/9808e321-4ae2-4a7c-aadc-3bef1f1d20fa/value (on host 'default')
2024-10-29 16:57:21.616 W-00    Sending a 200 response (2 bytes)
2024-10-29 16:57:21.617 W-00  Received a PUT request for /data/table_1730235441614/6d93c7c1-7057-4be6-918b-1922d8df05c7/value (on host 'default')
2024-10-29 16:57:21.617 W-00    Sending a 200 response (2 bytes)
2024-10-29 16:57:21.619 W-00  Received a PUT request for /data/table_1730235441614/7853a02b-aba2-45f6-be26-5739aee5eca3/value (on host 'default')
2024-10-29 16:57:21.619 W-00    Sending a 200 response (2 bytes)
2024-10-29 16:57:21.620 W-00  Received a PUT request for /data/table_1730235441614/4b6fde5f-9248-417f-8ab7-dc6eeb672272/value (on host 'default')
2024-10-29 16:57:21.620 W-00    Sending a 200 response (2 bytes)
2024-10-29 16:57:21.622 W-00  Received a PUT request for /data/table_1730235441614/bff419fe-7d5f-4ce9-b176-350af6ef5f98/value (on host 'default')
2024-10-29 16:57:21.622 W-00    Sending a 200 response (2 bytes)
2024-10-29 16:57:21.624 W-00  Received a PUT request for /data/table_1730235441614/bedced77-9fdc-47e6-a4d8-547b247a8959/value (on host 'default')
2024-10-29 16:57:21.624 W-00    Sending a 200 response (2 bytes)
2024-10-29 16:57:21.625 W-00  Received a PUT request for /data/table_1730235441614/933e4c27-610c-4c67-b3f4-5a38f9cedef3/value (on host 'default')
2024-10-29 16:57:21.625 W-00    Sending a 200 response (2 bytes)
2024-10-29 16:57:21.627 W-00  Received a PUT request for /data/table_1730235441614/28dfb717-c0fe-4293-84c9-82e781824505/value (on host 'default')
2024-10-29 16:57:21.627 W-00    Sending a 200 response (2 bytes)
2024-10-29 16:57:21.628 W-00  Received a PUT request for /data/table_1730235441614/bb5bb5d0-09a8-4f2f-872c-ea9da266dc6a/value (on host 'default')
2024-10-29 16:57:21.628 W-00    Sending a 200 response (2 bytes)
2024-10-29 16:57:21.630 W-00  Received a PUT request for /data/table_1730235441614/a2383bc0-fc99-4d34-8342-d28b6a679223/value (on host 'default')
2024-10-29 16:57:21.630 W-00    Sending a 200 response (2 bytes)
2024-10-29 16:57:21.632 W-00  Received a PUT request for /data/table_1730235441614/cc12ebf8-45aa-432d-9b4c-d525881de6a0/value (on host 'default')
2024-10-29 16:57:21.632 W-00    Sending a 200 response (2 bytes)
2024-10-29 16:57:21.633 W-00  Received a PUT request for /data/table_1730235441614/5d20144f-7c0e-4356-aafe-265f39f9d2dc/value (on host 'default')
2024-10-29 16:57:21.634 W-00    Sending a 200 response (2 bytes)
2024-10-29 16:57:21.635 W-00  Received a PUT request for /data/table_1730235441614/badf5c25-b2d2-4f6f-97bd-ca53eb59d118/value (on host 'default')
2024-10-29 16:57:21.636 W-00    Sending a 200 response (2 bytes)
2024-10-29 16:57:21.637 W-00  Received a PUT request for /data/table_1730235441614/a3cfd07c-e020-49ec-9857-a6e7082a9f12/value (on host 'default')
2024-10-29 16:57:21.637 W-00    Sending a 200 response (2 bytes)
2024-10-29 16:57:21.639 W-00  Received a PUT request for /data/table_1730235441614/913ce922-6515-49a3-97cb-8c81795d7778/value (on host 'default')
2024-10-29 16:57:21.639 W-00    Sending a 200 response (2 bytes)
2024-10-29 16:57:21.640 W-00  Received a PUT request for /data/table_1730235441614/3eeaf7f4-4c60-407c-bd12-95a08ff7590c/value (on host 'default')
2024-10-29 16:57:21.641 W-00    Sending a 200 response (2 bytes)
2024-10-29 16:57:21.642 W-00  Received a PUT request for /data/table_1730235441614/37a3095a-bec4-4ec5-bcca-6c1fedec6432/value (on host 'default')
2024-10-29 16:57:21.642 W-00    Sending a 200 response (2 bytes)
2024-10-29 16:57:21.643 W-00  Received a PUT request for /data/table_1730235441614/99d49e85-c703-4044-87eb-090ec91a3773/value (on host 'default')
2024-10-29 16:57:21.644 W-00    Sending a 200 response (2 bytes)
2024-10-29 16:57:21.645 W-00  Received a PUT request for /data/table_1730235441614/6ce3f879-330e-47f6-a654-31533969482c/value (on host 'default')
2024-10-29 16:57:21.645 W-00    Sending a 200 response (2 bytes)
2024-10-29 16:57:21.647 W-00  Received a PUT request for /data/table_1730235441614/a90ec02d-b0d7-4bbc-8454-68f6344c12eb/value (on host 'default')
2024-10-29 16:57:21.647 W-00    Sending a 200 response (2 bytes)
2024-10-29 16:57:21.648 W-00  Received a PUT request for /data/table_1730235441614/3761fb4e-3f76-45ea-beae-116e3f2f75a8/value (on host 'default')
2024-10-29 16:57:21.649 W-00    Sending a 200 response (2 bytes)
2024-10-29 16:57:21.650 W-00  Received a PUT request for /data/table_1730235441614/a1f7dd28-5d5b-4b68-beef-bc804bb633b1/value (on host 'default')
2024-10-29 16:57:21.650 W-00    Sending a 200 response (2 bytes)
2024-10-29 16:57:21.661 W-01  Received a POST request for /rdd/mapToPair?inputTable=table_1730235441614&outputTable=rdd_1730235441654&kvsWorker=127.0.0.1:8001&kvsCoordinator=localhost:8000&endKey=ijdvx (on host 'default')
2024-10-29 16:57:21.664 W-00  Received a POST request for /rdd/mapToPair?inputTable=table_1730235441614&outputTable=rdd_1730235441654&kvsWorker=127.0.0.1:8001&kvsCoordinator=localhost:8000&startKey=ijdvx (on host 'default')
2024-10-29 16:57:21.664 W-03  Received a GET request for /workers (on host 'default')
2024-10-29 16:57:21.665 W-03    Sending a 200 response (23 bytes)
2024-10-29 16:57:21.669 W-00  Received a GET request for /workers (on host 'default')
2024-10-29 16:57:21.669 W-00    Sending a 200 response (23 bytes)
2024-10-29 16:57:21.673 W-12  Received a GET request for /data/table_1730235441614?endRowExclusive=ijdvx (on host 'default')
2024-10-29 16:57:21.673 W-13  Received a GET request for /data/table_1730235441614?startRow=ijdvx (on host 'default')
2024-10-29 16:57:21.674 W-00    Sending a 200 response (2 bytes)
2024-10-29 16:57:21.675 W-06  Received a PUT request for /data/rdd_1730235441654/A/933e4c27-610c-4c67-b3f4-5a38f9cedef3 (on host 'default')
2024-10-29 16:57:21.675 W-06    Sending a 200 response (2 bytes)
2024-10-29 16:57:21.677 W-06  Received a PUT request for /data/rdd_1730235441654/B/6d93c7c1-7057-4be6-918b-1922d8df05c7 (on host 'default')
2024-10-29 16:57:21.677 W-06    Sending a 200 response (2 bytes)
2024-10-29 16:57:21.679 W-06  Received a PUT request for /data/rdd_1730235441654/B/37a3095a-bec4-4ec5-bcca-6c1fedec6432 (on host 'default')
2024-10-29 16:57:21.679 W-06    Sending a 200 response (2 bytes)
2024-10-29 16:57:21.680 W-06  Received a PUT request for /data/rdd_1730235441654/A/28dfb717-c0fe-4293-84c9-82e781824505 (on host 'default')
2024-10-29 16:57:21.681 W-06    Sending a 200 response (2 bytes)
2024-10-29 16:57:21.682 W-06  Received a PUT request for /data/rdd_1730235441654/C/7853a02b-aba2-45f6-be26-5739aee5eca3 (on host 'default')
2024-10-29 16:57:21.682 W-06    Sending a 200 response (2 bytes)
2024-10-29 16:57:21.684 W-06  Received a PUT request for /data/rdd_1730235441654/C/99d49e85-c703-4044-87eb-090ec91a3773 (on host 'default')
2024-10-29 16:57:21.684 W-06    Sending a 200 response (2 bytes)
2024-10-29 16:57:21.685 W-06  Received a PUT request for /data/rdd_1730235441654/B/4b6fde5f-9248-417f-8ab7-dc6eeb672272 (on host 'default')
2024-10-29 16:57:21.686 W-06    Sending a 200 response (2 bytes)
2024-10-29 16:57:21.687 W-06  Received a PUT request for /data/rdd_1730235441654/C/a90ec02d-b0d7-4bbc-8454-68f6344c12eb (on host 'default')
2024-10-29 16:57:21.687 W-06    Sending a 200 response (2 bytes)
2024-10-29 16:57:21.689 W-06  Received a PUT request for /data/rdd_1730235441654/A/cc12ebf8-45aa-432d-9b4c-d525881de6a0 (on host 'default')
2024-10-29 16:57:21.689 W-06    Sending a 200 response (2 bytes)
2024-10-29 16:57:21.690 W-06  Received a PUT request for /data/rdd_1730235441654/A/6ce3f879-330e-47f6-a654-31533969482c (on host 'default')
2024-10-29 16:57:21.691 W-06    Sending a 200 response (2 bytes)
2024-10-29 16:57:21.692 W-06  Received a PUT request for /data/rdd_1730235441654/A/bedced77-9fdc-47e6-a4d8-547b247a8959 (on host 'default')
2024-10-29 16:57:21.692 W-06    Sending a 200 response (2 bytes)
2024-10-29 16:57:21.694 W-06  Received a PUT request for /data/rdd_1730235441654/C/bb5bb5d0-09a8-4f2f-872c-ea9da266dc6a (on host 'default')
2024-10-29 16:57:21.694 W-06    Sending a 200 response (2 bytes)
2024-10-29 16:57:21.696 W-06  Received a PUT request for /data/rdd_1730235441654/B/913ce922-6515-49a3-97cb-8c81795d7778 (on host 'default')
2024-10-29 16:57:21.696 W-06    Sending a 200 response (2 bytes)
2024-10-29 16:57:21.697 W-06  Received a PUT request for /data/rdd_1730235441654/B/a2383bc0-fc99-4d34-8342-d28b6a679223 (on host 'default')
2024-10-29 16:57:21.697 W-06    Sending a 200 response (2 bytes)
2024-10-29 16:57:21.699 W-06  Received a PUT request for /data/rdd_1730235441654/A/9808e321-4ae2-4a7c-aadc-3bef1f1d20fa (on host 'default')
2024-10-29 16:57:21.699 W-06    Sending a 200 response (2 bytes)
2024-10-29 16:57:21.700 W-06  Received a PUT request for /data/rdd_1730235441654/A/bff419fe-7d5f-4ce9-b176-350af6ef5f98 (on host 'default')
2024-10-29 16:57:21.701 W-06    Sending a 200 response (2 bytes)
2024-10-29 16:57:21.702 W-06  Received a PUT request for /data/rdd_1730235441654/A/5d20144f-7c0e-4356-aafe-265f39f9d2dc (on host 'default')
2024-10-29 16:57:21.703 W-06    Sending a 200 response (2 bytes)
2024-10-29 16:57:21.704 W-06  Received a PUT request for /data/rdd_1730235441654/B/badf5c25-b2d2-4f6f-97bd-ca53eb59d118 (on host 'default')
2024-10-29 16:57:21.704 W-06    Sending a 200 response (2 bytes)
2024-10-29 16:57:21.706 W-06  Received a PUT request for /data/rdd_1730235441654/B/a3cfd07c-e020-49ec-9857-a6e7082a9f12 (on host 'default')
2024-10-29 16:57:21.706 W-06    Sending a 200 response (2 bytes)
2024-10-29 16:57:21.708 W-06  Received a PUT request for /data/rdd_1730235441654/B/a1f7dd28-5d5b-4b68-beef-bc804bb633b1 (on host 'default')
2024-10-29 16:57:21.708 W-06    Sending a 200 response (2 bytes)
2024-10-29 16:57:21.709 W-06  Received a PUT request for /data/rdd_1730235441654/C/3eeaf7f4-4c60-407c-bd12-95a08ff7590c (on host 'default')
2024-10-29 16:57:21.709 W-06    Sending a 200 response (2 bytes)
2024-10-29 16:57:21.711 W-06  Received a PUT request for /data/rdd_1730235441654/A/3761fb4e-3f76-45ea-beae-116e3f2f75a8 (on host 'default')
2024-10-29 16:57:21.711 W-06    Sending a 200 response (2 bytes)
2024-10-29 16:57:21.712 W-01    Sending a 200 response (2 bytes)
2024-10-29 16:57:21.719 W-01  Received a POST request for /rdd/foldByKey?inputTable=rdd_1730235441654&outputTable=rdd_1730235441715&kvsWorker=127.0.0.1:8001&kvsCoordinator=localhost:8000&endKey=ijdvx&zeroElement=0 (on host 'default')
2024-10-29 16:57:21.719 W-00  Received a POST request for /rdd/foldByKey?inputTable=rdd_1730235441654&outputTable=rdd_1730235441715&kvsWorker=127.0.0.1:8001&kvsCoordinator=localhost:8000&startKey=ijdvx&zeroElement=0 (on host 'default')
2024-10-29 16:57:21.722 W-03  Received a GET request for /workers (on host 'default')
2024-10-29 16:57:21.723 W-03    Sending a 200 response (23 bytes)
2024-10-29 16:57:21.723 W-00  Received a GET request for /workers (on host 'default')
2024-10-29 16:57:21.723 W-00    Sending a 200 response (23 bytes)
2024-10-29 16:57:21.726 W-14  Received a GET request for /data/rdd_1730235441654?endRowExclusive=ijdvx (on host 'default')
2024-10-29 16:57:21.726 W-15  Received a GET request for /data/rdd_1730235441654?startRow=ijdvx (on host 'default')
2024-10-29 16:57:21.728 W-00    Sending a 200 response (2 bytes)
2024-10-29 16:57:21.729 W-06  Received a PUT request for /data/rdd_1730235441715/A/value (on host 'default')
2024-10-29 16:57:21.729 W-06    Sending a 200 response (2 bytes)
2024-10-29 16:57:21.731 W-06  Received a PUT request for /data/rdd_1730235441715/B/value (on host 'default')
2024-10-29 16:57:21.731 W-06    Sending a 200 response (2 bytes)
2024-10-29 16:57:21.733 W-06  Received a PUT request for /data/rdd_1730235441715/C/value (on host 'default')
2024-10-29 16:57:21.733 W-06    Sending a 200 response (2 bytes)
2024-10-29 16:57:21.733 W-01    Sending a 200 response (2 bytes)
2024-10-29 16:57:21.736 W-16  Received a GET request for /data/rdd_1730235441715?endRowExclusive=ijdvx (on host 'default')
2024-10-29 16:57:21.739 W-17  Received a GET request for /data/rdd_1730235441715?startRow=ijdvx (on host 'default')
2024-10-29 16:57:21.740 W-06    Sending a 200 response (20 bytes)
2024-10-29 16:57:27.022 W-01  Received a GET request for /ping?id=ijdvx&port=8001 (on host 'default')
2024-10-29 16:57:27.022 W-01    Sending a 200 response (2 bytes)
2024-10-29 16:57:28.029 W-00  Received a GET request for /ping?id=9001&port=9001 (on host 'default')
2024-10-29 16:57:28.030 W-00    Sending a 200 response (2 bytes)
2024-10-29 16:57:28.459 W-01  Received a GET request for /ping?id=9002&port=9002 (on host 'default')
2024-10-29 16:57:28.459 W-01    Sending a 200 response (2 bytes)
2024-10-29 16:57:37.035 W-01  Received a GET request for /ping?id=ijdvx&port=8001 (on host 'default')
2024-10-29 16:57:37.036 W-01    Sending a 200 response (2 bytes)
2024-10-29 16:57:38.041 W-00  Received a GET request for /ping?id=9001&port=9001 (on host 'default')
2024-10-29 16:57:38.041 W-00    Sending a 200 response (2 bytes)
2024-10-29 16:57:38.469 W-01  Received a GET request for /ping?id=9002&port=9002 (on host 'default')
2024-10-29 16:57:38.469 W-01    Sending a 200 response (2 bytes)
